Started GET "/" for 127.0.0.1 at 2018-11-27 14:59:16 +0530
  
Mysql2::Error::ConnectionError (Access denied for user 'root'@'localhost' (using password: NO)):
  
mysql2 (0.5.2) lib/mysql2/client.rb:90:in `connect'
mysql2 (0.5.2) lib/mysql2/client.rb:90:in `initialize'
activerecord (5.2.1) lib/active_record/connection_adapters/mysql2_adapter.rb:22:in `new'
activerecord (5.2.1) lib/active_record/connection_adapters/mysql2_adapter.rb:22:in `mysql2_connection'
activerecord (5.2.1) lib/active_record/connection_adapters/abstract/connection_pool.rb:809:in `new_connection'
activerecord (5.2.1) lib/active_record/connection_adapters/abstract/connection_pool.rb:853:in `checkout_new_connection'
activerecord (5.2.1) lib/active_record/connection_adapters/abstract/connection_pool.rb:832:in `try_to_checkout_new_connection'
activerecord (5.2.1) lib/active_record/connection_adapters/abstract/connection_pool.rb:793:in `acquire_connection'
activerecord (5.2.1) lib/active_record/connection_adapters/abstract/connection_pool.rb:521:in `checkout'
activerecord (5.2.1) lib/active_record/connection_adapters/abstract/connection_pool.rb:380:in `connection'
activerecord (5.2.1) lib/active_record/connection_adapters/abstract/connection_pool.rb:1008:in `retrieve_connection'
activerecord (5.2.1) lib/active_record/connection_handling.rb:118:in `retrieve_connection'
activerecord (5.2.1) lib/active_record/connection_handling.rb:90:in `connection'
activerecord (5.2.1) lib/active_record/migration.rb:554:in `call'
actionpack (5.2.1) lib/action_dispatch/middleware/callbacks.rb:28:in `block in call'
activesupport (5.2.1) lib/active_support/callbacks.rb:98:in `run_callbacks'
actionpack (5.2.1) lib/action_dispatch/middleware/callbacks.rb:26:in `call'
actionpack (5.2.1) lib/action_dispatch/middleware/executor.rb:14:in `call'
actionpack (5.2.1) lib/action_dispatch/middleware/debug_exceptions.rb:61:in `call'
web-console (3.7.0) lib/web_console/middleware.rb:135:in `call_app'
web-console (3.7.0) lib/web_console/middleware.rb:30:in `block in call'
web-console (3.7.0) lib/web_console/middleware.rb:20:in `catch'
web-console (3.7.0) lib/web_console/middleware.rb:20:in `call'
actionpack (5.2.1) lib/action_dispatch/middleware/show_exceptions.rb:33:in `call'
railties (5.2.1) lib/rails/rack/logger.rb:38:in `call_app'
railties (5.2.1) lib/rails/rack/logger.rb:26:in `block in call'
activesupport (5.2.1) lib/active_support/tagged_logging.rb:71:in `block in tagged'
activesupport (5.2.1) lib/active_support/tagged_logging.rb:28:in `tagged'
activesupport (5.2.1) lib/active_support/tagged_logging.rb:71:in `tagged'
railties (5.2.1) lib/rails/rack/logger.rb:26:in `call'
sprockets-rails (3.2.1) lib/sprockets/rails/quiet_assets.rb:13:in `call'
actionpack (5.2.1) lib/action_dispatch/middleware/remote_ip.rb:81:in `call'
actionpack (5.2.1) lib/action_dispatch/middleware/request_id.rb:27:in `call'
rack (2.0.6) lib/rack/method_override.rb:22:in `call'
rack (2.0.6) lib/rack/runtime.rb:22:in `call'
activesupport (5.2.1) lib/active_support/cache/strategy/local_cache_middleware.rb:29:in `call'
actionpack (5.2.1) lib/action_dispatch/middleware/executor.rb:14:in `call'
actionpack (5.2.1) lib/action_dispatch/middleware/static.rb:127:in `call'
rack (2.0.6) lib/rack/sendfile.rb:111:in `call'
railties (5.2.1) lib/rails/engine.rb:524:in `call'
puma (3.12.0) lib/puma/configuration.rb:225:in `call'
puma (3.12.0) lib/puma/server.rb:658:in `handle_request'
puma (3.12.0) lib/puma/server.rb:472:in `process_client'
puma (3.12.0) lib/puma/server.rb:332:in `block in run'
puma (3.12.0) lib/puma/thread_pool.rb:133:in `block in spawn_thread'
  [1m[35m (0.4ms)[0m  [1m[35mSET NAMES utf8,  @@SESSION.sql_mode = CONCAT(CONCAT(@@sql_mode, ',STRICT_ALL_TABLES'), ',NO_AUTO_VALUE_ON_ZERO'),  @@SESSION.sql_auto_is_null = 0, @@SESSION.wait_timeout = 2147483[0m
  ↳ /home/nyros/.rvm/gems/ruby-2.5.1/bin/rake:23
  [1m[35m (0.3ms)[0m  [1m[35mCREATE DATABASE `Rails-Assignments_development` DEFAULT CHARACTER SET `utf8`[0m
  ↳ /home/nyros/.rvm/gems/ruby-2.5.1/bin/rake:23
  [1m[35m (0.3ms)[0m  [1m[35mSET NAMES utf8,  @@SESSION.sql_mode = CONCAT(CONCAT(@@sql_mode, ',STRICT_ALL_TABLES'), ',NO_AUTO_VALUE_ON_ZERO'),  @@SESSION.sql_auto_is_null = 0, @@SESSION.wait_timeout = 2147483[0m
  ↳ /home/nyros/.rvm/gems/ruby-2.5.1/bin/rake:23
  [1m[35m (0.3ms)[0m  [1m[35mCREATE DATABASE `Rails-Assignments_test` DEFAULT CHARACTER SET `utf8`[0m
  ↳ /home/nyros/.rvm/gems/ruby-2.5.1/bin/rake:23
  [1m[35m (0.6ms)[0m  [1m[35mSET NAMES utf8,  @@SESSION.sql_mode = CONCAT(CONCAT(@@sql_mode, ',STRICT_ALL_TABLES'), ',NO_AUTO_VALUE_ON_ZERO'),  @@SESSION.sql_auto_is_null = 0, @@SESSION.wait_timeout = 2147483[0m
  ↳ bin/rails:9
  [1m[35m (538.4ms)[0m  [1m[35mCREATE TABLE `schema_migrations` (`version` varchar(255) NOT NULL PRIMARY KEY)[0m
  ↳ bin/rails:9
  [1m[35m (305.8ms)[0m  [1m[35mCREATE TABLE `ar_internal_metadata` (`key` varchar(255) NOT NULL PRIMARY KEY, `value` varchar(255), `created_at` datetime NOT NULL, `updated_at` datetime NOT NULL)[0m
  ↳ bin/rails:9
  [1m[35m (0.2ms)[0m  [1m[34mSELECT GET_LOCK('6897540473088386625', 0)[0m
  ↳ bin/rails:9
  [1m[35m (0.3ms)[0m  [1m[34mSELECT `schema_migrations`.`version` FROM `schema_migrations` ORDER BY `schema_migrations`.`version` ASC[0m
  ↳ bin/rails:9
Migrating to CreateArticles (20181127094829)
  [1m[35m (447.3ms)[0m  [1m[35mCREATE TABLE `articles` (`id` bigint NOT NULL AUTO_INCREMENT PRIMARY KEY, `authorname` varchar(255), `title` varchar(255), `story` varchar(255), `created_at` datetime NOT NULL, `updated_at` datetime NOT NULL)[0m
  ↳ db/migrate/20181127094829_create_articles.rb:3
  [1m[35m (0.2ms)[0m  [1m[35mBEGIN[0m
  ↳ bin/rails:9
  [1m[36mActiveRecord::SchemaMigration Create (13.2ms)[0m  [1m[32mINSERT INTO `schema_migrations` (`version`) VALUES ('20181127094829')[0m
  ↳ bin/rails:9
  [1m[35m (36.3ms)[0m  [1m[35mCOMMIT[0m
  ↳ bin/rails:9
  [1m[36mActiveRecord::InternalMetadata Load (0.4ms)[0m  [1m[34mSELECT  `ar_internal_metadata`.* FROM `ar_internal_metadata` WHERE `ar_internal_metadata`.`key` = 'environment' LIMIT 1[0m
  ↳ bin/rails:9
  [1m[35m (0.1ms)[0m  [1m[35mBEGIN[0m
  ↳ bin/rails:9
  [1m[36mActiveRecord::InternalMetadata Create (0.3ms)[0m  [1m[32mINSERT INTO `ar_internal_metadata` (`key`, `value`, `created_at`, `updated_at`) VALUES ('environment', 'development', '2018-11-27 09:48:46', '2018-11-27 09:48:46')[0m
  ↳ bin/rails:9
  [1m[35m (43.6ms)[0m  [1m[35mCOMMIT[0m
  ↳ bin/rails:9
  [1m[35m (0.2ms)[0m  [1m[34mSELECT RELEASE_LOCK('6897540473088386625')[0m
  ↳ bin/rails:9
  [1m[35m (0.3ms)[0m  [1m[34mSELECT `schema_migrations`.`version` FROM `schema_migrations` ORDER BY `schema_migrations`.`version` ASC[0m
  ↳ bin/rails:9
Started GET "/" for 127.0.0.1 at 2018-11-27 15:31:11 +0530
  [1m[35m (0.3ms)[0m  [1m[35mSET NAMES utf8,  @@SESSION.sql_mode = CONCAT(CONCAT(@@sql_mode, ',STRICT_ALL_TABLES'), ',NO_AUTO_VALUE_ON_ZERO'),  @@SESSION.sql_auto_is_null = 0, @@SESSION.wait_timeout = 2147483[0m
  ↳ /home/nyros/.rvm/gems/ruby-2.5.1/gems/activerecord-5.2.1/lib/active_record/log_subscriber.rb:98
  [1m[35m (0.2ms)[0m  [1m[34mSELECT `schema_migrations`.`version` FROM `schema_migrations` ORDER BY `schema_migrations`.`version` ASC[0m
  ↳ /home/nyros/.rvm/gems/ruby-2.5.1/gems/activerecord-5.2.1/lib/active_record/log_subscriber.rb:98
Processing by ArticleController#index as HTML
  Rendering article/index.html.erb within layouts/application
  Rendered article/index.html.erb within layouts/application (6.3ms)
Completed 200 OK in 3158ms (Views: 3147.7ms | ActiveRecord: 0.0ms)


Started GET "/" for 127.0.0.1 at 2018-11-27 15:42:30 +0530
  [1m[35m (0.8ms)[0m  [1m[35mSET NAMES utf8,  @@SESSION.sql_mode = CONCAT(CONCAT(@@sql_mode, ',STRICT_ALL_TABLES'), ',NO_AUTO_VALUE_ON_ZERO'),  @@SESSION.sql_auto_is_null = 0, @@SESSION.wait_timeout = 2147483[0m
  ↳ /home/nyros/.rvm/gems/ruby-2.5.1/gems/activerecord-5.2.1/lib/active_record/log_subscriber.rb:98
Processing by ArticleController#index as HTML
  Rendering article/index.html.erb within layouts/application
  [1m[36mArticle Load (0.5ms)[0m  [1m[34mSELECT  `articles`.* FROM `articles` LIMIT 11[0m
  ↳ /home/nyros/.rvm/rubies/ruby-2.5.1/lib/ruby/gems/2.5.0/gems/did_you_mean-1.2.0/lib/did_you_mean/core_ext/name_error.rb:8
  [1m[36mCACHE Article Load (0.0ms)[0m  [1m[34mSELECT  `articles`.* FROM `articles` LIMIT 11[0m
  ↳ /home/nyros/.rvm/rubies/ruby-2.5.1/lib/ruby/gems/2.5.0/gems/did_you_mean-1.2.0/lib/did_you_mean/core_ext/name_error.rb:8
  [1m[36mCACHE Article Load (0.0ms)[0m  [1m[34mSELECT  `articles`.* FROM `articles` LIMIT 11[0m
  ↳ /home/nyros/.rvm/rubies/ruby-2.5.1/lib/ruby/gems/2.5.0/gems/did_you_mean-1.2.0/lib/did_you_mean/core_ext/name_error.rb:8
  [1m[36mCACHE Article Load (0.0ms)[0m  [1m[34mSELECT  `articles`.* FROM `articles` LIMIT 11[0m
  ↳ /home/nyros/.rvm/rubies/ruby-2.5.1/lib/ruby/gems/2.5.0/gems/did_you_mean-1.2.0/lib/did_you_mean/core_ext/name_error.rb:8
  [1m[36mCACHE Article Load (0.0ms)[0m  [1m[34mSELECT  `articles`.* FROM `articles` LIMIT 11[0m
  ↳ /home/nyros/.rvm/rubies/ruby-2.5.1/lib/ruby/gems/2.5.0/gems/did_you_mean-1.2.0/lib/did_you_mean/core_ext/name_error.rb:4
  [1m[36mCACHE Article Load (0.0ms)[0m  [1m[34mSELECT  `articles`.* FROM `articles` LIMIT 11[0m
  ↳ /home/nyros/.rvm/rubies/ruby-2.5.1/lib/ruby/gems/2.5.0/gems/did_you_mean-1.2.0/lib/did_you_mean/core_ext/name_error.rb:4
  [1m[36mCACHE Article Load (0.0ms)[0m  [1m[34mSELECT  `articles`.* FROM `articles` LIMIT 11[0m
  ↳ /home/nyros/.rvm/rubies/ruby-2.5.1/lib/ruby/gems/2.5.0/gems/did_you_mean-1.2.0/lib/did_you_mean/core_ext/name_error.rb:4
  [1m[36mCACHE Article Load (0.0ms)[0m  [1m[34mSELECT  `articles`.* FROM `articles` LIMIT 11[0m
  ↳ /home/nyros/.rvm/rubies/ruby-2.5.1/lib/ruby/gems/2.5.0/gems/did_you_mean-1.2.0/lib/did_you_mean/core_ext/name_error.rb:4
  Rendered article/index.html.erb within layouts/application (491.5ms)
Completed 500 Internal Server Error in 513ms (ActiveRecord: 1.2ms)


  
ActionView::Template::Error (undefined local variable or method `new_article_path' for #<#<Class:0x00007feea41a2328>:0x00007feea41a0988>):
    1: <h1> Articles</h1>
    2: <%= link_to 'New article', new_article_path %>
    3: <table>
    4:   <tr>
    5:     <th>Title</th>
  
app/views/article/index.html.erb:2:in `_app_views_article_index_html_erb__3432522511067653939_70331466061200'
Started GET "/" for 127.0.0.1 at 2018-11-27 15:46:06 +0530
Processing by ArticleController#index as HTML
  Rendering article/index.html.erb within layouts/application
  [1m[36mArticle Load (0.3ms)[0m  [1m[34mSELECT `articles`.* FROM `articles`[0m
  ↳ app/views/article/index.html.erb:10
  Rendered article/index.html.erb within layouts/application (4.5ms)
Completed 200 OK in 64ms (Views: 59.8ms | ActiveRecord: 0.9ms)


Started GET "/article/new" for 127.0.0.1 at 2018-11-27 15:46:08 +0530
Processing by ArticleController#new as HTML
  Rendering article/new.html.erb within layouts/application
  Rendered article/new.html.erb within layouts/application (1.1ms)
Completed 200 OK in 36ms (Views: 24.3ms | ActiveRecord: 1.0ms)


Started GET "/article/new" for 127.0.0.1 at 2018-11-27 15:46:10 +0530
Processing by ArticleController#new as HTML
  Rendering article/new.html.erb within layouts/application
  Rendered article/new.html.erb within layouts/application (0.5ms)
Completed 200 OK in 28ms (Views: 25.2ms | ActiveRecord: 0.0ms)


Started GET "/article/new" for 127.0.0.1 at 2018-11-27 15:46:25 +0530
Processing by ArticleController#new as HTML
  Rendering article/new.html.erb within layouts/application
  Rendered article/new.html.erb within layouts/application (0.6ms)
Completed 200 OK in 32ms (Views: 30.0ms | ActiveRecord: 0.0ms)


Started GET "/" for 127.0.0.1 at 2018-11-27 15:48:11 +0530
Processing by ArticleController#index as HTML
  Rendering article/index.html.erb within layouts/application
  [1m[36mArticle Load (0.3ms)[0m  [1m[34mSELECT `articles`.* FROM `articles`[0m
  ↳ app/views/article/index.html.erb:11
  Rendered article/index.html.erb within layouts/application (2.0ms)
Completed 200 OK in 28ms (Views: 26.2ms | ActiveRecord: 0.3ms)


Started GET "/" for 127.0.0.1 at 2018-11-27 15:51:48 +0530
Processing by ArticleController#index as HTML
  Rendering article/index.html.erb within layouts/application
  [1m[36mArticle Load (0.4ms)[0m  [1m[34mSELECT `articles`.* FROM `articles`[0m
  ↳ app/views/article/index.html.erb:11
  Rendered article/index.html.erb within layouts/application (1.8ms)
Completed 200 OK in 29ms (Views: 27.7ms | ActiveRecord: 0.4ms)


Started GET "/" for 127.0.0.1 at 2018-11-27 15:51:49 +0530
Processing by ArticleController#index as HTML
  Rendering article/index.html.erb within layouts/application
  [1m[36mArticle Load (0.4ms)[0m  [1m[34mSELECT `articles`.* FROM `articles`[0m
  ↳ app/views/article/index.html.erb:11
  Rendered article/index.html.erb within layouts/application (2.5ms)
Completed 200 OK in 29ms (Views: 27.1ms | ActiveRecord: 0.4ms)


Started GET "/article/new" for 127.0.0.1 at 2018-11-27 15:51:51 +0530
Processing by ArticleController#new as HTML
  Rendering article/new.html.erb within layouts/application
  Rendered article/_form.html.erb (0.5ms)
  Rendered article/new.html.erb within layouts/application (293.9ms)
Completed 500 Internal Server Error in 298ms (ActiveRecord: 0.0ms)


  
ActionView::Template::Error (undefined local variable or method `articles_path' for #<#<Class:0x00007feea802a0a0>:0x00007fee9d163e40>
Did you mean?  article_path):
    2:  
    3: <%= render 'form' %>
    4:  
    5: <%= link_to 'Back', articles_path %>
  
app/views/article/new.html.erb:5:in `_app_views_article_new_html_erb__3622948796101676369_70331408681620'
Started GET "/article/new" for 127.0.0.1 at 2018-11-27 15:52:32 +0530
Processing by ArticleController#new as HTML
  Rendering article/new.html.erb within layouts/application
  Rendered article/_form.html.erb (1.3ms)
  Rendered article/new.html.erb within layouts/application (4.9ms)
Completed 500 Internal Server Error in 8ms (ActiveRecord: 0.0ms)


  
ActionView::Template::Error (No route matches {:action=>"show", :controller=>"article"}, missing required keys: [:id]):
    2:  
    3: <%= render 'form' %>
    4:  
    5: <%= link_to 'Back', article_path %>
  
app/views/article/new.html.erb:5:in `_app_views_article_new_html_erb__3622948796101676369_47057474162380'
Started GET "/article/new" for 127.0.0.1 at 2018-11-27 15:53:38 +0530
Processing by ArticleController#new as HTML
  Rendering article/new.html.erb within layouts/application
  Rendered article/_form.html.erb (0.4ms)
  Rendered article/new.html.erb within layouts/application (2.0ms)
Completed 200 OK in 40ms (Views: 38.6ms | ActiveRecord: 0.0ms)


Started GET "/article/new" for 127.0.0.1 at 2018-11-27 15:55:00 +0530
Processing by ArticleController#new as HTML
  Rendering article/new.html.erb within layouts/application
  Rendered article/_form.html.erb (168.3ms)
  Rendered article/new.html.erb within layouts/application (169.6ms)
Completed 500 Internal Server Error in 175ms (ActiveRecord: 0.0ms)


  
ActionView::Template::Error (undefined method `articles_path' for #<#<Class:0x00007feea802a0a0>:0x00007feea4275a48>
Did you mean?  article_path):
    1: <%= form_with model: @article, local: true do |form| %>
    2:  
    3:   <% if @article.errors.any? %>
    4:     <div id="error_explanation">
  
app/views/article/_form.html.erb:1:in `_app_views_article__form_html_erb___3826154036948376567_70331466382140'
app/views/article/new.html.erb:3:in `_app_views_article_new_html_erb__3622948796101676369_70331466494380'
Started GET "/article/new" for 127.0.0.1 at 2018-11-27 15:55:37 +0530
Processing by ArticleController#new as HTML
  Rendering article/new.html.erb within layouts/application
  Rendered article/_form.html.erb (189.1ms)
  Rendered article/new.html.erb within layouts/application (190.4ms)
Completed 500 Internal Server Error in 207ms (ActiveRecord: 1.3ms)


  
ActionView::Template::Error (undefined method `articles_path' for #<#<Class:0x00007fee9d784568>:0x00007fee9d7787b8>
Did you mean?  article_path):
    1: <%= form_with model: @article, local: true do |form| %>
    2:  
    3:   <% if @article.errors.any? %>
    4:     <div id="error_explanation">
  
app/views/article/_form.html.erb:1:in `_app_views_article__form_html_erb___3826154036948376567_70331410311580'
app/views/article/new.html.erb:3:in `_app_views_article_new_html_erb__3622948796101676369_70331410427020'
Started GET "/article/new" for 127.0.0.1 at 2018-11-27 15:56:47 +0530
Processing by ArticleController#new as HTML
  Rendering article/new.html.erb within layouts/application
  Rendered article/_form.html.erb (171.2ms)
  Rendered article/new.html.erb within layouts/application (172.9ms)
Completed 500 Internal Server Error in 188ms (ActiveRecord: 1.1ms)


  
ActionView::Template::Error (undefined method `articles_path' for #<#<Class:0x00007fee9dd541f0>:0x00007fee9dd4e5e8>
Did you mean?  article_path):
    1: <%= form_with model: @article, local: true do |form| %>
    2:  
    3:   <% if @article.errors.any? %>
    4:     <div id="error_explanation">
  
app/views/article/_form.html.erb:1:in `_app_views_article__form_html_erb___3826154036948376567_70331413422000'
app/views/article/new.html.erb:3:in `_app_views_article_new_html_erb__3622948796101676369_70331413472500'
Started GET "/article/new" for 127.0.0.1 at 2018-11-27 15:59:03 +0530
Processing by ArticleController#new as HTML
  Rendering article/new.html.erb within layouts/application
  Rendered article/_form.html.erb (187.9ms)
  Rendered article/new.html.erb within layouts/application (190.5ms)
Completed 500 Internal Server Error in 197ms (ActiveRecord: 0.0ms)


  
ActionView::Template::Error (undefined method `articles_path' for #<#<Class:0x00007fee9dd541f0>:0x00007fee7801d1f0>
Did you mean?  article_path):
    1: <%= form_with model: @article, local: true do |form| %>
    2:  
    3:   <% if @article.errors.any? %>
    4:     <div id="error_explanation">
  
app/views/article/_form.html.erb:1:in `_app_views_article__form_html_erb___3826154036948376567_70331096114660'
app/views/article/new.html.erb:3:in `_app_views_article_new_html_erb__3622948796101676369_70331096165820'
Started GET "/article/new" for 127.0.0.1 at 2018-11-27 16:03:13 +0530
Processing by ArticleController#new as HTML
  Rendering article/new.html.erb within layouts/application
  Rendered article/_form.html.erb (180.3ms)
  Rendered article/new.html.erb within layouts/application (183.0ms)
Completed 500 Internal Server Error in 188ms (ActiveRecord: 0.0ms)


  
ActionView::Template::Error (undefined method `articles_path' for #<#<Class:0x00007fee9dd541f0>:0x00007fee8800e078>
Did you mean?  article_path):
    1: <%= form_with model: @article, local: true do |form| %>
    2:  
    3:   <% if @article.errors.any? %>
    4:     <div id="error_explanation">
  
app/views/article/_form.html.erb:1:in `_app_views_article__form_html_erb___3826154036948376567_70331331098420'
app/views/article/new.html.erb:3:in `_app_views_article_new_html_erb__3622948796101676369_70331230352580'
Started GET "/article/new" for 127.0.0.1 at 2018-11-27 16:04:50 +0530
Processing by ArticleController#new as HTML
  Rendering article/new.html.erb within layouts/application
  Rendered article/_form.html.erb (203.7ms)
  Rendered article/new.html.erb within layouts/application (207.3ms)
Completed 500 Internal Server Error in 215ms (ActiveRecord: 0.0ms)


  
ActionView::Template::Error (undefined method `articles_path' for #<#<Class:0x00007fee9dd541f0>:0x00007feea8046f70>
Did you mean?  article_path):
    1: <%= form_with model: @article, local: true do |form| %>
    2:  
    3:   <% if @article.errors.any? %>
    4:     <div id="error_explanation">
  
app/views/article/_form.html.erb:1:in `_app_views_article__form_html_erb___3826154036948376567_70331096167820'
app/views/article/new.html.erb:3:in `_app_views_article_new_html_erb__3622948796101676369_70331498904720'
Started GET "/article/new" for 127.0.0.1 at 2018-11-27 16:05:52 +0530
Processing by ArticleController#new as HTML
  Rendering article/new.html.erb within layouts/application
  Rendered article/_form.html.erb (169.0ms)
  Rendered article/new.html.erb within layouts/application (172.2ms)
Completed 500 Internal Server Error in 179ms (ActiveRecord: 0.0ms)


  
ActionView::Template::Error (undefined method `articles_path' for #<#<Class:0x00007fee9dd541f0>:0x00007fee9dce9260>
Did you mean?  article_path):
    1: <%= form_with model: @article, local: true do |form| %>
    2:  
    3:   <% if @article.errors.any? %>
    4:     <div id="error_explanation">
  
app/views/article/_form.html.erb:1:in `_app_views_article__form_html_erb___3826154036948376567_70331413222120'
app/views/article/new.html.erb:3:in `_app_views_article_new_html_erb__3622948796101676369_70331413253560'
Started GET "/article/new" for 127.0.0.1 at 2018-11-27 16:12:52 +0530
  [1m[35m (0.2ms)[0m  [1m[35mSET NAMES utf8,  @@SESSION.sql_mode = CONCAT(CONCAT(@@sql_mode, ',STRICT_ALL_TABLES'), ',NO_AUTO_VALUE_ON_ZERO'),  @@SESSION.sql_auto_is_null = 0, @@SESSION.wait_timeout = 2147483[0m
  ↳ /home/nyros/.rvm/gems/ruby-2.5.1/gems/activerecord-5.2.1/lib/active_record/log_subscriber.rb:98
Processing by ArticleController#new as HTML
  Rendering article/new.html.erb within layouts/application
  Rendered article/_form.html.erb (0.3ms)
  Rendered article/new.html.erb within layouts/application (1.8ms)
Completed 200 OK in 36ms (Views: 22.6ms | ActiveRecord: 1.3ms)


Started GET "/article/new" for 127.0.0.1 at 2018-11-27 16:13:44 +0530
Processing by ArticleController#new as HTML
  Rendering article/new.html.erb within layouts/application
  Rendered article/_form.html.erb (185.1ms)
  Rendered article/new.html.erb within layouts/application (188.2ms)
Completed 500 Internal Server Error in 196ms (ActiveRecord: 0.0ms)


  
ActionView::Template::Error (undefined method `articles_path' for #<#<Class:0x00007feea40157a8>:0x00007fee9e1f4a98>
Did you mean?  article_path):
    1: <%= form_with model: @article, local: true do |form| %>
    2:  
    3:   <% if @article.errors.any? %>
    4:     <div id="error_explanation">
  
app/views/article/_form.html.erb:1:in `_app_views_article__form_html_erb___3826154036948376567_70331415546680'
app/views/article/new.html.erb:3:in `_app_views_article_new_html_erb__3622948796101676369_70331415898820'
Started GET "/article/new" for 127.0.0.1 at 2018-11-27 16:14:11 +0530
Processing by ArticleController#new as HTML
  Rendering article/new.html.erb within layouts/application
  Rendered article/_form.html.erb (211.5ms)
  Rendered article/new.html.erb within layouts/application (213.9ms)
Completed 200 OK in 238ms (Views: 236.3ms | ActiveRecord: 0.0ms)


Started POST "/article/new" for 127.0.0.1 at 2018-11-27 16:14:47 +0530
  
ActionController::RoutingError (No route matches [POST] "/article/new"):
  
actionpack (5.2.1) lib/action_dispatch/middleware/debug_exceptions.rb:65:in `call'
web-console (3.7.0) lib/web_console/middleware.rb:135:in `call_app'
web-console (3.7.0) lib/web_console/middleware.rb:30:in `block in call'
web-console (3.7.0) lib/web_console/middleware.rb:20:in `catch'
web-console (3.7.0) lib/web_console/middleware.rb:20:in `call'
actionpack (5.2.1) lib/action_dispatch/middleware/show_exceptions.rb:33:in `call'
railties (5.2.1) lib/rails/rack/logger.rb:38:in `call_app'
railties (5.2.1) lib/rails/rack/logger.rb:26:in `block in call'
activesupport (5.2.1) lib/active_support/tagged_logging.rb:71:in `block in tagged'
activesupport (5.2.1) lib/active_support/tagged_logging.rb:28:in `tagged'
activesupport (5.2.1) lib/active_support/tagged_logging.rb:71:in `tagged'
railties (5.2.1) lib/rails/rack/logger.rb:26:in `call'
sprockets-rails (3.2.1) lib/sprockets/rails/quiet_assets.rb:13:in `call'
actionpack (5.2.1) lib/action_dispatch/middleware/remote_ip.rb:81:in `call'
actionpack (5.2.1) lib/action_dispatch/middleware/request_id.rb:27:in `call'
rack (2.0.6) lib/rack/method_override.rb:22:in `call'
rack (2.0.6) lib/rack/runtime.rb:22:in `call'
activesupport (5.2.1) lib/active_support/cache/strategy/local_cache_middleware.rb:29:in `call'
actionpack (5.2.1) lib/action_dispatch/middleware/executor.rb:14:in `call'
actionpack (5.2.1) lib/action_dispatch/middleware/static.rb:127:in `call'
rack (2.0.6) lib/rack/sendfile.rb:111:in `call'
railties (5.2.1) lib/rails/engine.rb:524:in `call'
puma (3.12.0) lib/puma/configuration.rb:225:in `call'
puma (3.12.0) lib/puma/server.rb:658:in `handle_request'
puma (3.12.0) lib/puma/server.rb:472:in `process_client'
puma (3.12.0) lib/puma/server.rb:332:in `block in run'
puma (3.12.0) lib/puma/thread_pool.rb:133:in `block in spawn_thread'
Started POST "/article/new" for 127.0.0.1 at 2018-11-27 16:15:50 +0530
  
ActionController::RoutingError (No route matches [POST] "/article/new"):
  
actionpack (5.2.1) lib/action_dispatch/middleware/debug_exceptions.rb:65:in `call'
web-console (3.7.0) lib/web_console/middleware.rb:135:in `call_app'
web-console (3.7.0) lib/web_console/middleware.rb:30:in `block in call'
web-console (3.7.0) lib/web_console/middleware.rb:20:in `catch'
web-console (3.7.0) lib/web_console/middleware.rb:20:in `call'
actionpack (5.2.1) lib/action_dispatch/middleware/show_exceptions.rb:33:in `call'
railties (5.2.1) lib/rails/rack/logger.rb:38:in `call_app'
railties (5.2.1) lib/rails/rack/logger.rb:26:in `block in call'
activesupport (5.2.1) lib/active_support/tagged_logging.rb:71:in `block in tagged'
activesupport (5.2.1) lib/active_support/tagged_logging.rb:28:in `tagged'
activesupport (5.2.1) lib/active_support/tagged_logging.rb:71:in `tagged'
railties (5.2.1) lib/rails/rack/logger.rb:26:in `call'
sprockets-rails (3.2.1) lib/sprockets/rails/quiet_assets.rb:13:in `call'
actionpack (5.2.1) lib/action_dispatch/middleware/remote_ip.rb:81:in `call'
actionpack (5.2.1) lib/action_dispatch/middleware/request_id.rb:27:in `call'
rack (2.0.6) lib/rack/method_override.rb:22:in `call'
rack (2.0.6) lib/rack/runtime.rb:22:in `call'
activesupport (5.2.1) lib/active_support/cache/strategy/local_cache_middleware.rb:29:in `call'
actionpack (5.2.1) lib/action_dispatch/middleware/executor.rb:14:in `call'
actionpack (5.2.1) lib/action_dispatch/middleware/static.rb:127:in `call'
rack (2.0.6) lib/rack/sendfile.rb:111:in `call'
railties (5.2.1) lib/rails/engine.rb:524:in `call'
puma (3.12.0) lib/puma/configuration.rb:225:in `call'
puma (3.12.0) lib/puma/server.rb:658:in `handle_request'
puma (3.12.0) lib/puma/server.rb:472:in `process_client'
puma (3.12.0) lib/puma/server.rb:332:in `block in run'
puma (3.12.0) lib/puma/thread_pool.rb:133:in `block in spawn_thread'
Started GET "/article/new" for 127.0.0.1 at 2018-11-27 16:15:53 +0530
Processing by ArticleController#new as HTML
  Rendering article/new.html.erb within layouts/application
  Rendered article/_form.html.erb (188.6ms)
  Rendered article/new.html.erb within layouts/application (191.5ms)
Completed 500 Internal Server Error in 196ms (ActiveRecord: 0.0ms)


  
ActionView::Template::Error (undefined method `articles_path' for #<#<Class:0x00007feea40157a8>:0x00005598d805cc30>
Did you mean?  article_path):
    1: <%= form_with model: @article, local: true do |form| %>
    2:  
    3:   <% if @article.errors.any? %>
    4:     <div id="error_explanation">
  
app/views/article/_form.html.erb:1:in `_app_views_article__form_html_erb___3826154036948376567_47057472805300'
app/views/article/new.html.erb:3:in `_app_views_article_new_html_erb__3622948796101676369_47057473872100'
Started GET "/article/new" for 127.0.0.1 at 2018-11-27 16:16:04 +0530
Processing by ArticleController#new as HTML
  Rendering article/new.html.erb within layouts/application
  Rendered article/_form.html.erb (4.4ms)
  Rendered article/new.html.erb within layouts/application (6.6ms)
Completed 200 OK in 32ms (Views: 30.5ms | ActiveRecord: 0.0ms)


Started POST "/article/new" for 127.0.0.1 at 2018-11-27 16:16:38 +0530
  
ActionController::RoutingError (No route matches [POST] "/article/new"):
  
actionpack (5.2.1) lib/action_dispatch/middleware/debug_exceptions.rb:65:in `call'
web-console (3.7.0) lib/web_console/middleware.rb:135:in `call_app'
web-console (3.7.0) lib/web_console/middleware.rb:30:in `block in call'
web-console (3.7.0) lib/web_console/middleware.rb:20:in `catch'
web-console (3.7.0) lib/web_console/middleware.rb:20:in `call'
actionpack (5.2.1) lib/action_dispatch/middleware/show_exceptions.rb:33:in `call'
railties (5.2.1) lib/rails/rack/logger.rb:38:in `call_app'
railties (5.2.1) lib/rails/rack/logger.rb:26:in `block in call'
activesupport (5.2.1) lib/active_support/tagged_logging.rb:71:in `block in tagged'
activesupport (5.2.1) lib/active_support/tagged_logging.rb:28:in `tagged'
activesupport (5.2.1) lib/active_support/tagged_logging.rb:71:in `tagged'
railties (5.2.1) lib/rails/rack/logger.rb:26:in `call'
sprockets-rails (3.2.1) lib/sprockets/rails/quiet_assets.rb:13:in `call'
actionpack (5.2.1) lib/action_dispatch/middleware/remote_ip.rb:81:in `call'
actionpack (5.2.1) lib/action_dispatch/middleware/request_id.rb:27:in `call'
rack (2.0.6) lib/rack/method_override.rb:22:in `call'
rack (2.0.6) lib/rack/runtime.rb:22:in `call'
activesupport (5.2.1) lib/active_support/cache/strategy/local_cache_middleware.rb:29:in `call'
actionpack (5.2.1) lib/action_dispatch/middleware/executor.rb:14:in `call'
actionpack (5.2.1) lib/action_dispatch/middleware/static.rb:127:in `call'
rack (2.0.6) lib/rack/sendfile.rb:111:in `call'
railties (5.2.1) lib/rails/engine.rb:524:in `call'
puma (3.12.0) lib/puma/configuration.rb:225:in `call'
puma (3.12.0) lib/puma/server.rb:658:in `handle_request'
puma (3.12.0) lib/puma/server.rb:472:in `process_client'
puma (3.12.0) lib/puma/server.rb:332:in `block in run'
puma (3.12.0) lib/puma/thread_pool.rb:133:in `block in spawn_thread'
Started POST "/article/new" for 127.0.0.1 at 2018-11-27 16:21:11 +0530
  
ActionController::RoutingError (No route matches [POST] "/article/new"):
  
actionpack (5.2.1) lib/action_dispatch/middleware/debug_exceptions.rb:65:in `call'
web-console (3.7.0) lib/web_console/middleware.rb:135:in `call_app'
web-console (3.7.0) lib/web_console/middleware.rb:30:in `block in call'
web-console (3.7.0) lib/web_console/middleware.rb:20:in `catch'
web-console (3.7.0) lib/web_console/middleware.rb:20:in `call'
actionpack (5.2.1) lib/action_dispatch/middleware/show_exceptions.rb:33:in `call'
railties (5.2.1) lib/rails/rack/logger.rb:38:in `call_app'
railties (5.2.1) lib/rails/rack/logger.rb:26:in `block in call'
activesupport (5.2.1) lib/active_support/tagged_logging.rb:71:in `block in tagged'
activesupport (5.2.1) lib/active_support/tagged_logging.rb:28:in `tagged'
activesupport (5.2.1) lib/active_support/tagged_logging.rb:71:in `tagged'
railties (5.2.1) lib/rails/rack/logger.rb:26:in `call'
sprockets-rails (3.2.1) lib/sprockets/rails/quiet_assets.rb:13:in `call'
actionpack (5.2.1) lib/action_dispatch/middleware/remote_ip.rb:81:in `call'
actionpack (5.2.1) lib/action_dispatch/middleware/request_id.rb:27:in `call'
rack (2.0.6) lib/rack/method_override.rb:22:in `call'
rack (2.0.6) lib/rack/runtime.rb:22:in `call'
activesupport (5.2.1) lib/active_support/cache/strategy/local_cache_middleware.rb:29:in `call'
actionpack (5.2.1) lib/action_dispatch/middleware/executor.rb:14:in `call'
actionpack (5.2.1) lib/action_dispatch/middleware/static.rb:127:in `call'
rack (2.0.6) lib/rack/sendfile.rb:111:in `call'
railties (5.2.1) lib/rails/engine.rb:524:in `call'
puma (3.12.0) lib/puma/configuration.rb:225:in `call'
puma (3.12.0) lib/puma/server.rb:658:in `handle_request'
puma (3.12.0) lib/puma/server.rb:472:in `process_client'
puma (3.12.0) lib/puma/server.rb:332:in `block in run'
puma (3.12.0) lib/puma/thread_pool.rb:133:in `block in spawn_thread'
Started POST "/article/new" for 127.0.0.1 at 2018-11-27 16:21:20 +0530
  
ActionController::RoutingError (No route matches [POST] "/article/new"):
  
actionpack (5.2.1) lib/action_dispatch/middleware/debug_exceptions.rb:65:in `call'
web-console (3.7.0) lib/web_console/middleware.rb:135:in `call_app'
web-console (3.7.0) lib/web_console/middleware.rb:30:in `block in call'
web-console (3.7.0) lib/web_console/middleware.rb:20:in `catch'
web-console (3.7.0) lib/web_console/middleware.rb:20:in `call'
actionpack (5.2.1) lib/action_dispatch/middleware/show_exceptions.rb:33:in `call'
railties (5.2.1) lib/rails/rack/logger.rb:38:in `call_app'
railties (5.2.1) lib/rails/rack/logger.rb:26:in `block in call'
activesupport (5.2.1) lib/active_support/tagged_logging.rb:71:in `block in tagged'
activesupport (5.2.1) lib/active_support/tagged_logging.rb:28:in `tagged'
activesupport (5.2.1) lib/active_support/tagged_logging.rb:71:in `tagged'
railties (5.2.1) lib/rails/rack/logger.rb:26:in `call'
sprockets-rails (3.2.1) lib/sprockets/rails/quiet_assets.rb:13:in `call'
actionpack (5.2.1) lib/action_dispatch/middleware/remote_ip.rb:81:in `call'
actionpack (5.2.1) lib/action_dispatch/middleware/request_id.rb:27:in `call'
rack (2.0.6) lib/rack/method_override.rb:22:in `call'
rack (2.0.6) lib/rack/runtime.rb:22:in `call'
activesupport (5.2.1) lib/active_support/cache/strategy/local_cache_middleware.rb:29:in `call'
actionpack (5.2.1) lib/action_dispatch/middleware/executor.rb:14:in `call'
actionpack (5.2.1) lib/action_dispatch/middleware/static.rb:127:in `call'
rack (2.0.6) lib/rack/sendfile.rb:111:in `call'
railties (5.2.1) lib/rails/engine.rb:524:in `call'
puma (3.12.0) lib/puma/configuration.rb:225:in `call'
puma (3.12.0) lib/puma/server.rb:658:in `handle_request'
puma (3.12.0) lib/puma/server.rb:472:in `process_client'
puma (3.12.0) lib/puma/server.rb:332:in `block in run'
puma (3.12.0) lib/puma/thread_pool.rb:133:in `block in spawn_thread'
Started GET "/" for 127.0.0.1 at 2018-11-27 16:22:58 +0530
Processing by ArticleController#index as HTML
  Rendering article/index.html.erb within layouts/application
  [1m[36mArticle Load (0.5ms)[0m  [1m[34mSELECT `articles`.* FROM `articles`[0m
  ↳ app/views/article/index.html.erb:11
  Rendered article/index.html.erb within layouts/application (5.7ms)
Completed 200 OK in 33ms (Views: 30.4ms | ActiveRecord: 0.5ms)


Started GET "/" for 127.0.0.1 at 2018-11-27 16:23:00 +0530
Processing by ArticleController#index as HTML
  Rendering article/index.html.erb within layouts/application
  [1m[36mArticle Load (1.2ms)[0m  [1m[34mSELECT `articles`.* FROM `articles`[0m
  ↳ app/views/article/index.html.erb:11
  Rendered article/index.html.erb within layouts/application (3.9ms)
Completed 200 OK in 41ms (Views: 36.4ms | ActiveRecord: 1.2ms)


Started GET "/article/new" for 127.0.0.1 at 2018-11-27 16:24:05 +0530
Processing by ArticleController#new as HTML
  Rendering article/new.html.erb within layouts/application
  Rendered article/_form.html.erb (4.6ms)
  Rendered article/new.html.erb within layouts/application (6.3ms)
Completed 200 OK in 31ms (Views: 29.1ms | ActiveRecord: 0.0ms)


Started POST "/article/new" for 127.0.0.1 at 2018-11-27 16:24:13 +0530
  
ActionController::RoutingError (No route matches [POST] "/article/new"):
  
actionpack (5.2.1) lib/action_dispatch/middleware/debug_exceptions.rb:65:in `call'
web-console (3.7.0) lib/web_console/middleware.rb:135:in `call_app'
web-console (3.7.0) lib/web_console/middleware.rb:30:in `block in call'
web-console (3.7.0) lib/web_console/middleware.rb:20:in `catch'
web-console (3.7.0) lib/web_console/middleware.rb:20:in `call'
actionpack (5.2.1) lib/action_dispatch/middleware/show_exceptions.rb:33:in `call'
railties (5.2.1) lib/rails/rack/logger.rb:38:in `call_app'
railties (5.2.1) lib/rails/rack/logger.rb:26:in `block in call'
activesupport (5.2.1) lib/active_support/tagged_logging.rb:71:in `block in tagged'
activesupport (5.2.1) lib/active_support/tagged_logging.rb:28:in `tagged'
activesupport (5.2.1) lib/active_support/tagged_logging.rb:71:in `tagged'
railties (5.2.1) lib/rails/rack/logger.rb:26:in `call'
sprockets-rails (3.2.1) lib/sprockets/rails/quiet_assets.rb:13:in `call'
actionpack (5.2.1) lib/action_dispatch/middleware/remote_ip.rb:81:in `call'
actionpack (5.2.1) lib/action_dispatch/middleware/request_id.rb:27:in `call'
rack (2.0.6) lib/rack/method_override.rb:22:in `call'
rack (2.0.6) lib/rack/runtime.rb:22:in `call'
activesupport (5.2.1) lib/active_support/cache/strategy/local_cache_middleware.rb:29:in `call'
actionpack (5.2.1) lib/action_dispatch/middleware/executor.rb:14:in `call'
actionpack (5.2.1) lib/action_dispatch/middleware/static.rb:127:in `call'
rack (2.0.6) lib/rack/sendfile.rb:111:in `call'
railties (5.2.1) lib/rails/engine.rb:524:in `call'
puma (3.12.0) lib/puma/configuration.rb:225:in `call'
puma (3.12.0) lib/puma/server.rb:658:in `handle_request'
puma (3.12.0) lib/puma/server.rb:472:in `process_client'
puma (3.12.0) lib/puma/server.rb:332:in `block in run'
puma (3.12.0) lib/puma/thread_pool.rb:133:in `block in spawn_thread'
Started GET "/article/new" for 127.0.0.1 at 2018-11-27 16:25:52 +0530
Processing by ArticleController#new as HTML
  Rendering article/new.html.erb within layouts/application
  Rendered article/_form.html.erb (3.1ms)
  Rendered article/new.html.erb within layouts/application (338.2ms)
Completed 500 Internal Server Error in 341ms (ActiveRecord: 0.0ms)


  
ActionView::Template::Error (undefined local variable or method `articles_path' for #<#<Class:0x00007feea40157a8>:0x00007fee9dbed078>
Did you mean?  article_path):
    2:  
    3: <%= render 'form' %>
    4: 
    5: <%= link_to 'Back', articles_path %>
    6:  
  
app/views/article/new.html.erb:5:in `_app_views_article_new_html_erb__3622948796101676369_70331412739480'
Started GET "/article/new" for 127.0.0.1 at 2018-11-27 16:26:47 +0530
Processing by ArticleController#new as HTML
  Rendering article/new.html.erb within layouts/application
  Rendered article/_form.html.erb (9.4ms)
  Rendered article/new.html.erb within layouts/application (13.3ms)
Completed 500 Internal Server Error in 18ms (ActiveRecord: 0.0ms)


  
ActionView::Template::Error (No route matches {:action=>"show", :controller=>"article"}, missing required keys: [:id]):
    2:  
    3: <%= render 'form' %>
    4: 
    5: <%= link_to 'Back', article_path %>
    6:  
  
app/views/article/new.html.erb:5:in `_app_views_article_new_html_erb__3622948796101676369_70331409299260'
Started POST "/article/new" for 127.0.0.1 at 2018-11-27 16:28:29 +0530
  
ActionController::RoutingError (No route matches [POST] "/article/new"):
  
actionpack (5.2.1) lib/action_dispatch/middleware/debug_exceptions.rb:65:in `call'
web-console (3.7.0) lib/web_console/middleware.rb:135:in `call_app'
web-console (3.7.0) lib/web_console/middleware.rb:30:in `block in call'
web-console (3.7.0) lib/web_console/middleware.rb:20:in `catch'
web-console (3.7.0) lib/web_console/middleware.rb:20:in `call'
actionpack (5.2.1) lib/action_dispatch/middleware/show_exceptions.rb:33:in `call'
railties (5.2.1) lib/rails/rack/logger.rb:38:in `call_app'
railties (5.2.1) lib/rails/rack/logger.rb:26:in `block in call'
activesupport (5.2.1) lib/active_support/tagged_logging.rb:71:in `block in tagged'
activesupport (5.2.1) lib/active_support/tagged_logging.rb:28:in `tagged'
activesupport (5.2.1) lib/active_support/tagged_logging.rb:71:in `tagged'
railties (5.2.1) lib/rails/rack/logger.rb:26:in `call'
sprockets-rails (3.2.1) lib/sprockets/rails/quiet_assets.rb:13:in `call'
actionpack (5.2.1) lib/action_dispatch/middleware/remote_ip.rb:81:in `call'
actionpack (5.2.1) lib/action_dispatch/middleware/request_id.rb:27:in `call'
rack (2.0.6) lib/rack/method_override.rb:22:in `call'
rack (2.0.6) lib/rack/runtime.rb:22:in `call'
activesupport (5.2.1) lib/active_support/cache/strategy/local_cache_middleware.rb:29:in `call'
actionpack (5.2.1) lib/action_dispatch/middleware/executor.rb:14:in `call'
actionpack (5.2.1) lib/action_dispatch/middleware/static.rb:127:in `call'
rack (2.0.6) lib/rack/sendfile.rb:111:in `call'
railties (5.2.1) lib/rails/engine.rb:524:in `call'
puma (3.12.0) lib/puma/configuration.rb:225:in `call'
puma (3.12.0) lib/puma/server.rb:658:in `handle_request'
puma (3.12.0) lib/puma/server.rb:472:in `process_client'
puma (3.12.0) lib/puma/server.rb:332:in `block in run'
puma (3.12.0) lib/puma/thread_pool.rb:133:in `block in spawn_thread'
Started GET "/" for 127.0.0.1 at 2018-11-27 16:28:39 +0530
  
LoadError (Unable to autoload constant ArticlesController, expected /home/nyros/Documents/nageswararao/Rails/Rails-Assignments/app/controllers/articles_controller.rb to define it):
  
activesupport (5.2.1) lib/active_support/dependencies.rb:507:in `load_missing_constant'
bootsnap (1.3.2) lib/bootsnap/load_path_cache/core_ext/active_support.rb:58:in `block in load_missing_constant'
bootsnap (1.3.2) lib/bootsnap/load_path_cache/core_ext/active_support.rb:16:in `allow_bootsnap_retry'
bootsnap (1.3.2) lib/bootsnap/load_path_cache/core_ext/active_support.rb:57:in `load_missing_constant'
activesupport (5.2.1) lib/active_support/dependencies.rb:193:in `const_missing'
activesupport (5.2.1) lib/active_support/inflector/methods.rb:283:in `const_get'
activesupport (5.2.1) lib/active_support/inflector/methods.rb:283:in `block in constantize'
activesupport (5.2.1) lib/active_support/inflector/methods.rb:281:in `each'
activesupport (5.2.1) lib/active_support/inflector/methods.rb:281:in `inject'
activesupport (5.2.1) lib/active_support/inflector/methods.rb:281:in `constantize'
activesupport (5.2.1) lib/active_support/dependencies.rb:578:in `get'
activesupport (5.2.1) lib/active_support/dependencies.rb:609:in `constantize'
actionpack (5.2.1) lib/action_dispatch/http/request.rb:88:in `controller_class_for'
actionpack (5.2.1) lib/action_dispatch/http/parameters.rb:101:in `binary_params_for?'
actionpack (5.2.1) lib/action_dispatch/http/parameters.rb:92:in `set_binary_encoding'
actionpack (5.2.1) lib/action_dispatch/http/parameters.rb:69:in `path_parameters='
actionpack (5.2.1) lib/action_dispatch/journey/router.rb:50:in `block in serve'
actionpack (5.2.1) lib/action_dispatch/journey/router.rb:35:in `each'
actionpack (5.2.1) lib/action_dispatch/journey/router.rb:35:in `serve'
actionpack (5.2.1) lib/action_dispatch/routing/route_set.rb:840:in `call'
rack (2.0.6) lib/rack/tempfile_reaper.rb:15:in `call'
rack (2.0.6) lib/rack/etag.rb:25:in `call'
rack (2.0.6) lib/rack/conditional_get.rb:25:in `call'
rack (2.0.6) lib/rack/head.rb:12:in `call'
actionpack (5.2.1) lib/action_dispatch/http/content_security_policy.rb:18:in `call'
rack (2.0.6) lib/rack/session/abstract/id.rb:232:in `context'
rack (2.0.6) lib/rack/session/abstract/id.rb:226:in `call'
actionpack (5.2.1) lib/action_dispatch/middleware/cookies.rb:670:in `call'
activerecord (5.2.1) lib/active_record/migration.rb:559:in `call'
actionpack (5.2.1) lib/action_dispatch/middleware/callbacks.rb:28:in `block in call'
activesupport (5.2.1) lib/active_support/callbacks.rb:98:in `run_callbacks'
actionpack (5.2.1) lib/action_dispatch/middleware/callbacks.rb:26:in `call'
actionpack (5.2.1) lib/action_dispatch/middleware/executor.rb:14:in `call'
actionpack (5.2.1) lib/action_dispatch/middleware/debug_exceptions.rb:61:in `call'
web-console (3.7.0) lib/web_console/middleware.rb:135:in `call_app'
web-console (3.7.0) lib/web_console/middleware.rb:30:in `block in call'
web-console (3.7.0) lib/web_console/middleware.rb:20:in `catch'
web-console (3.7.0) lib/web_console/middleware.rb:20:in `call'
actionpack (5.2.1) lib/action_dispatch/middleware/show_exceptions.rb:33:in `call'
railties (5.2.1) lib/rails/rack/logger.rb:38:in `call_app'
railties (5.2.1) lib/rails/rack/logger.rb:26:in `block in call'
activesupport (5.2.1) lib/active_support/tagged_logging.rb:71:in `block in tagged'
activesupport (5.2.1) lib/active_support/tagged_logging.rb:28:in `tagged'
activesupport (5.2.1) lib/active_support/tagged_logging.rb:71:in `tagged'
railties (5.2.1) lib/rails/rack/logger.rb:26:in `call'
sprockets-rails (3.2.1) lib/sprockets/rails/quiet_assets.rb:13:in `call'
actionpack (5.2.1) lib/action_dispatch/middleware/remote_ip.rb:81:in `call'
actionpack (5.2.1) lib/action_dispatch/middleware/request_id.rb:27:in `call'
rack (2.0.6) lib/rack/method_override.rb:22:in `call'
rack (2.0.6) lib/rack/runtime.rb:22:in `call'
activesupport (5.2.1) lib/active_support/cache/strategy/local_cache_middleware.rb:29:in `call'
actionpack (5.2.1) lib/action_dispatch/middleware/executor.rb:14:in `call'
actionpack (5.2.1) lib/action_dispatch/middleware/static.rb:127:in `call'
rack (2.0.6) lib/rack/sendfile.rb:111:in `call'
railties (5.2.1) lib/rails/engine.rb:524:in `call'
puma (3.12.0) lib/puma/configuration.rb:225:in `call'
puma (3.12.0) lib/puma/server.rb:658:in `handle_request'
puma (3.12.0) lib/puma/server.rb:472:in `process_client'
puma (3.12.0) lib/puma/server.rb:332:in `block in run'
puma (3.12.0) lib/puma/thread_pool.rb:133:in `block in spawn_thread'
Started GET "/" for 127.0.0.1 at 2018-11-27 16:39:29 +0530
  [1m[35m (0.3ms)[0m  [1m[35mSET NAMES utf8,  @@SESSION.sql_mode = CONCAT(CONCAT(@@sql_mode, ',STRICT_ALL_TABLES'), ',NO_AUTO_VALUE_ON_ZERO'),  @@SESSION.sql_auto_is_null = 0, @@SESSION.wait_timeout = 2147483[0m
  ↳ /home/nyros/.rvm/gems/ruby-2.5.1/gems/activerecord-5.2.1/lib/active_record/log_subscriber.rb:98
  [1m[35m (0.3ms)[0m  [1m[34mSELECT `schema_migrations`.`version` FROM `schema_migrations` ORDER BY `schema_migrations`.`version` ASC[0m
  ↳ /home/nyros/.rvm/gems/ruby-2.5.1/gems/activerecord-5.2.1/lib/active_record/log_subscriber.rb:98
Processing by ArticlesController#index as HTML
  Rendering articles/index.html.erb within layouts/application
  Rendered articles/index.html.erb within layouts/application (35.4ms)
Completed 500 Internal Server Error in 52ms (ActiveRecord: 0.0ms)


  
ActionView::Template::Error (undefined method `each' for nil:NilClass):
     7:     <th colspan="3"></th>
     8:   </tr>
     9:  
    10:   <% @articles.each do |article| %>
    11:     <tr>
    12:       <td><%= article.title %></td>
    13:       <td><%= article.text %></td>
  
app/views/articles/index.html.erb:10:in `_app_views_articles_index_html_erb___2477721952372174335_47192457343300'
Started GET "/" for 127.0.0.1 at 2018-11-27 16:39:43 +0530
  [1m[35m (0.3ms)[0m  [1m[35mSET NAMES utf8,  @@SESSION.sql_mode = CONCAT(CONCAT(@@sql_mode, ',STRICT_ALL_TABLES'), ',NO_AUTO_VALUE_ON_ZERO'),  @@SESSION.sql_auto_is_null = 0, @@SESSION.wait_timeout = 2147483[0m
  ↳ /home/nyros/.rvm/gems/ruby-2.5.1/gems/activerecord-5.2.1/lib/active_record/log_subscriber.rb:98
Processing by ArticlesController#index as HTML
  Rendering articles/index.html.erb within layouts/application
  Rendered articles/index.html.erb within layouts/application (2.7ms)
Completed 500 Internal Server Error in 6ms (ActiveRecord: 0.0ms)


  
ActionView::Template::Error (undefined method `each' for nil:NilClass):
     7:     <th colspan="3"></th>
     8:   </tr>
     9:  
    10:   <% @articles.each do |article| %>
    11:     <tr>
    12:       <td><%= article.title %></td>
    13:       <td><%= article.text %></td>
  
app/views/articles/index.html.erb:10:in `_app_views_articles_index_html_erb___2477721952372174335_70323412521400'
Started GET "/" for 127.0.0.1 at 2018-11-27 16:41:06 +0530
Processing by ArticlesController#index as HTML
  Rendering articles/index.html.erb within layouts/application
  [1m[36mArticle Load (0.4ms)[0m  [1m[34mSELECT `articles`.* FROM `articles`[0m
  ↳ app/views/articles/index.html.erb:10
  Rendered articles/index.html.erb within layouts/application (3.4ms)
Completed 200 OK in 501ms (Views: 493.9ms | ActiveRecord: 0.8ms)


Started GET "/articles/new" for 127.0.0.1 at 2018-11-27 16:41:08 +0530
Processing by ArticlesController#new as HTML
  Rendering articles/new.html.erb within layouts/application
  Rendered articles/_form.html.erb (8.3ms)
  Rendered articles/new.html.erb within layouts/application (10.2ms)
Completed 200 OK in 50ms (Views: 35.7ms | ActiveRecord: 1.0ms)


Started GET "/articles" for 127.0.0.1 at 2018-11-27 16:41:11 +0530
Processing by ArticlesController#index as HTML
  Rendering articles/index.html.erb within layouts/application
  [1m[36mArticle Load (0.5ms)[0m  [1m[34mSELECT `articles`.* FROM `articles`[0m
  ↳ app/views/articles/index.html.erb:10
  Rendered articles/index.html.erb within layouts/application (4.2ms)
Completed 200 OK in 48ms (Views: 44.6ms | ActiveRecord: 0.5ms)


Started POST "/articles" for 127.0.0.1 at 2018-11-27 16:41:20 +0530
Processing by ArticlesController#create as HTML
  Parameters: {"utf8"=>"✓", "authenticity_token"=>"E2GPYSpYKI1eAGraE/h19cRKqSriuC42fA/S5ScfzhBAi8b/30HFdbM+OW+jM9lQHKUJIurOlG1lAy8jnqINLw==", "article"=>{"title"=>"saissss", "description"=>"ccccccccccccccccccc"}, "commit"=>"Create Article"}
Unpermitted parameter: :description
  [1m[35m (0.8ms)[0m  [1m[35mBEGIN[0m
  ↳ app/controllers/articles_controller.rb:22
  [1m[36mArticle Create (64.2ms)[0m  [1m[32mINSERT INTO `articles` (`title`, `created_at`, `updated_at`) VALUES ('saissss', '2018-11-27 11:11:20', '2018-11-27 11:11:20')[0m
  ↳ app/controllers/articles_controller.rb:22
  [1m[35m (86.6ms)[0m  [1m[35mCOMMIT[0m
  ↳ app/controllers/articles_controller.rb:22
Redirected to http://localhost:3000/articles/1
Completed 302 Found in 160ms (ActiveRecord: 151.6ms)


Started GET "/articles/1" for 127.0.0.1 at 2018-11-27 16:41:21 +0530
Processing by ArticlesController#show as HTML
  Parameters: {"id"=>"1"}
  [1m[36mArticle Load (0.4ms)[0m  [1m[34mSELECT  `articles`.* FROM `articles` WHERE `articles`.`id` = 1 LIMIT 1[0m
  ↳ app/controllers/articles_controller.rb:8
  Rendering articles/show.html.erb within layouts/application
  Rendered articles/show.html.erb within layouts/application (11.4ms)
Completed 500 Internal Server Error in 58ms (ActiveRecord: 0.4ms)


  
ActionView::Template::Error (undefined method `text' for #<Article:0x00007feae44d7930>):
     5:  
     6: <p>
     7:   <strong>Text:</strong>
     8:   <%= @article.text %>
     9: </p>
    10: <%= link_to 'Edit', edit_article_path(@article) %> |
    11: <%= link_to 'Back', articles_path %>
  
app/views/articles/show.html.erb:8:in `_app_views_articles_show_html_erb__3018350385625832151_70323414894620'
Started GET "/articles/1" for 127.0.0.1 at 2018-11-27 16:42:13 +0530
Processing by ArticlesController#show as HTML
  Parameters: {"id"=>"1"}
  [1m[36mArticle Load (0.6ms)[0m  [1m[34mSELECT  `articles`.* FROM `articles` WHERE `articles`.`id` = 1 LIMIT 1[0m
  ↳ app/controllers/articles_controller.rb:8
  Rendering articles/show.html.erb within layouts/application
  Rendered articles/show.html.erb within layouts/application (7.7ms)
Completed 500 Internal Server Error in 18ms (ActiveRecord: 0.6ms)


  
ActionView::Template::Error (undefined method `text' for #<Article:0x00007fead98cb7b8>):
     5:  
     6: <p>
     7:   <strong>Text:</strong>
     8:   <%= @article.text %>
     9: </p>
    10: <%= link_to 'Edit', edit_article_path(@article) %> |
    11: <%= link_to 'Back', articles_path %>
  
app/views/articles/show.html.erb:8:in `_app_views_articles_show_html_erb__3018350385625832151_70323324469980'
Started GET "/" for 10.90.90.97 at 2018-11-27 16:42:33 +0530
Cannot render console from 10.90.90.97! Allowed networks: 127.0.0.1, ::1, 127.0.0.0/127.255.255.255
Processing by ArticlesController#index as HTML
  Rendering articles/index.html.erb within layouts/application
  [1m[36mArticle Load (0.5ms)[0m  [1m[34mSELECT `articles`.* FROM `articles`[0m
  ↳ app/views/articles/index.html.erb:10
  Rendered articles/index.html.erb within layouts/application (9.5ms)
Completed 500 Internal Server Error in 16ms (ActiveRecord: 0.5ms)


  
ActionView::Template::Error (undefined method `text' for #<Article:0x00007fead905ad40>):
    10:   <% @articles.each do |article| %>
    11:     <tr>
    12:       <td><%= article.title %></td>
    13:       <td><%= article.text %></td>
    14:       <td><%= link_to 'Show', article_path(article) %></td>
    15:       <td><%= link_to 'Edit', edit_article_path(article) %></td>
    16:       <td><%= link_to 'Destroy', article_path(article),
  
app/views/articles/index.html.erb:13:in `block in _app_views_articles_index_html_erb___2477721952372174335_70323320095860'
app/views/articles/index.html.erb:10:in `_app_views_articles_index_html_erb___2477721952372174335_70323320095860'
Started GET "/articles/1" for 127.0.0.1 at 2018-11-27 16:43:35 +0530
Processing by ArticlesController#show as HTML
  Parameters: {"id"=>"1"}
  [1m[36mArticle Load (1.2ms)[0m  [1m[34mSELECT  `articles`.* FROM `articles` WHERE `articles`.`id` = 1 LIMIT 1[0m
  ↳ app/controllers/articles_controller.rb:8
  Rendering articles/show.html.erb within layouts/application
  Rendered articles/show.html.erb within layouts/application (1.0ms)
Completed 200 OK in 36ms (Views: 28.3ms | ActiveRecord: 1.2ms)


Started GET "/articles/1" for 127.0.0.1 at 2018-11-27 16:43:40 +0530
Processing by ArticlesController#show as HTML
  Parameters: {"id"=>"1"}
  [1m[36mArticle Load (0.4ms)[0m  [1m[34mSELECT  `articles`.* FROM `articles` WHERE `articles`.`id` = 1 LIMIT 1[0m
  ↳ app/controllers/articles_controller.rb:8
  Rendering articles/show.html.erb within layouts/application
  Rendered articles/show.html.erb within layouts/application (0.9ms)
Completed 200 OK in 30ms (Views: 26.8ms | ActiveRecord: 0.4ms)


Started GET "/articles/1" for 127.0.0.1 at 2018-11-27 16:45:13 +0530
Processing by ArticlesController#show as HTML
  Parameters: {"id"=>"1"}
  [1m[36mArticle Load (0.4ms)[0m  [1m[34mSELECT  `articles`.* FROM `articles` WHERE `articles`.`id` = 1 LIMIT 1[0m
  ↳ app/controllers/articles_controller.rb:8
  Rendering articles/show.html.erb within layouts/application
  Rendered articles/show.html.erb within layouts/application (0.9ms)
Completed 200 OK in 31ms (Views: 28.5ms | ActiveRecord: 0.4ms)


Started GET "/articles/new" for 127.0.0.1 at 2018-11-27 16:45:34 +0530
Processing by ArticlesController#new as HTML
  Rendering articles/new.html.erb within layouts/application
  Rendered articles/_form.html.erb (2.8ms)
  Rendered articles/new.html.erb within layouts/application (4.0ms)
Completed 200 OK in 30ms (Views: 29.2ms | ActiveRecord: 0.0ms)


Started GET "/articles/new" for 127.0.0.1 at 2018-11-27 16:45:35 +0530
Processing by ArticlesController#new as HTML
  Rendering articles/new.html.erb within layouts/application
  Rendered articles/_form.html.erb (2.8ms)
  Rendered articles/new.html.erb within layouts/application (5.0ms)
Completed 200 OK in 35ms (Views: 33.5ms | ActiveRecord: 0.0ms)


Started GET "/articles/new" for 127.0.0.1 at 2018-11-27 16:45:36 +0530
Processing by ArticlesController#new as HTML
  Rendering articles/new.html.erb within layouts/application
  Rendered articles/_form.html.erb (3.0ms)
  Rendered articles/new.html.erb within layouts/application (4.6ms)
Completed 200 OK in 36ms (Views: 34.7ms | ActiveRecord: 0.0ms)


Started GET "/articles/new" for 127.0.0.1 at 2018-11-27 16:45:36 +0530
Processing by ArticlesController#new as HTML
  Rendering articles/new.html.erb within layouts/application
  Rendered articles/_form.html.erb (3.7ms)
  Rendered articles/new.html.erb within layouts/application (7.4ms)
Completed 200 OK in 35ms (Views: 33.0ms | ActiveRecord: 0.0ms)


Started POST "/articles" for 127.0.0.1 at 2018-11-27 16:45:46 +0530
Processing by ArticlesController#create as HTML
  Parameters: {"utf8"=>"✓", "authenticity_token"=>"vo2KU5c8wTk08tXFzqNi/Pr/mhZzplPNfMUG1Mmf2cMSOkdfi1eO4weh4+MIM2qOoHhCBGTQ0UPjjj1GefWG1g==", "article"=>{"title"=>"saissss", "authorname"=>"sai", "story"=>"ssssssssssssssssssssssssssssssssssssssssssssssssssssssssssssss"}, "commit"=>"Create Article"}
Unpermitted parameters: :authorname, :story
  [1m[35m (0.2ms)[0m  [1m[35mBEGIN[0m
  ↳ app/controllers/articles_controller.rb:22
  [1m[36mArticle Create (0.4ms)[0m  [1m[32mINSERT INTO `articles` (`title`, `created_at`, `updated_at`) VALUES ('saissss', '2018-11-27 11:15:46', '2018-11-27 11:15:46')[0m
  ↳ app/controllers/articles_controller.rb:22
  [1m[35m (225.6ms)[0m  [1m[35mCOMMIT[0m
  ↳ app/controllers/articles_controller.rb:22
Redirected to http://localhost:3000/articles/2
Completed 302 Found in 233ms (ActiveRecord: 226.3ms)


Started GET "/articles/2" for 127.0.0.1 at 2018-11-27 16:45:47 +0530
Processing by ArticlesController#show as HTML
  Parameters: {"id"=>"2"}
  [1m[36mArticle Load (0.4ms)[0m  [1m[34mSELECT  `articles`.* FROM `articles` WHERE `articles`.`id` = 2 LIMIT 1[0m
  ↳ app/controllers/articles_controller.rb:8
  Rendering articles/show.html.erb within layouts/application
  Rendered articles/show.html.erb within layouts/application (1.0ms)
Completed 200 OK in 37ms (Views: 33.4ms | ActiveRecord: 0.4ms)


Started GET "/" for 127.0.0.1 at 2018-11-27 16:46:12 +0530
Processing by ArticlesController#index as HTML
  Rendering articles/index.html.erb within layouts/application
  [1m[36mArticle Load (0.4ms)[0m  [1m[34mSELECT `articles`.* FROM `articles`[0m
  ↳ app/views/articles/index.html.erb:10
  Rendered articles/index.html.erb within layouts/application (11.2ms)
Completed 500 Internal Server Error in 15ms (ActiveRecord: 0.4ms)


  
ActionView::Template::Error (undefined method `text' for #<Article:0x00007fead9a53270>):
    10:   <% @articles.each do |article| %>
    11:     <tr>
    12:       <td><%= article.title %></td>
    13:       <td><%= article.text %></td>
    14:       <td><%= link_to 'Show', article_path(article) %></td>
    15:       <td><%= link_to 'Edit', edit_article_path(article) %></td>
    16:       <td><%= link_to 'Destroy', article_path(article),
  
app/views/articles/index.html.erb:13:in `block in _app_views_articles_index_html_erb___2477721952372174335_70323325431660'
app/views/articles/index.html.erb:10:in `_app_views_articles_index_html_erb___2477721952372174335_70323325431660'
Started GET "/" for 127.0.0.1 at 2018-11-27 16:47:03 +0530
Processing by ArticlesController#index as HTML
  Rendering articles/index.html.erb within layouts/application
  [1m[36mArticle Load (0.3ms)[0m  [1m[34mSELECT `articles`.* FROM `articles`[0m
  ↳ app/views/articles/index.html.erb:10
  Rendered articles/index.html.erb within layouts/application (2.4ms)
Completed 200 OK in 34ms (Views: 32.5ms | ActiveRecord: 0.3ms)


Started GET "/articles/1" for 127.0.0.1 at 2018-11-27 16:47:05 +0530
Processing by ArticlesController#show as HTML
  Parameters: {"id"=>"1"}
  [1m[36mArticle Load (0.5ms)[0m  [1m[34mSELECT  `articles`.* FROM `articles` WHERE `articles`.`id` = 1 LIMIT 1[0m
  ↳ app/controllers/articles_controller.rb:8
  Rendering articles/show.html.erb within layouts/application
  Rendered articles/show.html.erb within layouts/application (1.1ms)
Completed 200 OK in 30ms (Views: 26.2ms | ActiveRecord: 0.5ms)


Started GET "/articles/1/edit" for 127.0.0.1 at 2018-11-27 16:47:09 +0530
Processing by ArticlesController#edit as HTML
  Parameters: {"id"=>"1"}
  [1m[36mArticle Load (0.5ms)[0m  [1m[34mSELECT  `articles`.* FROM `articles` WHERE `articles`.`id` = 1 LIMIT 1[0m
  ↳ app/controllers/articles_controller.rb:16
  Rendering articles/edit.html.erb within layouts/application
  Rendered articles/_form.html.erb (4.7ms)
  Rendered articles/edit.html.erb within layouts/application (6.4ms)
Completed 200 OK in 39ms (Views: 35.9ms | ActiveRecord: 0.5ms)


Started PATCH "/articles/1" for 127.0.0.1 at 2018-11-27 16:48:38 +0530
Processing by ArticlesController#update as HTML
  Parameters: {"utf8"=>"✓", "authenticity_token"=>"bakwa+N+2sCCKMj6DrEgESs6c3LCCqPQ5a1YqREVmVtK0Pb1a/xTLqM2utYDmsJ3PKsuQbqBuGE+OTO0NxH6ww==", "article"=>{"title"=>"saissss", "authorname"=>"", "story"=>""}, "commit"=>"Update Article", "id"=>"1"}
  [1m[36mArticle Load (0.5ms)[0m  [1m[34mSELECT  `articles`.* FROM `articles` WHERE `articles`.`id` = 1 LIMIT 1[0m
  ↳ app/controllers/articles_controller.rb:30
Unpermitted parameters: :authorname, :story
  [1m[35m (0.5ms)[0m  [1m[35mBEGIN[0m
  ↳ app/controllers/articles_controller.rb:32
  [1m[35m (0.3ms)[0m  [1m[35mCOMMIT[0m
  ↳ app/controllers/articles_controller.rb:32
Redirected to http://localhost:3000/articles/1
Completed 302 Found in 7ms (ActiveRecord: 1.2ms)


Started GET "/articles/1" for 127.0.0.1 at 2018-11-27 16:48:38 +0530
Processing by ArticlesController#show as HTML
  Parameters: {"id"=>"1"}
  [1m[36mArticle Load (0.4ms)[0m  [1m[34mSELECT  `articles`.* FROM `articles` WHERE `articles`.`id` = 1 LIMIT 1[0m
  ↳ app/controllers/articles_controller.rb:8
  Rendering articles/show.html.erb within layouts/application
  Rendered articles/show.html.erb within layouts/application (0.9ms)
Completed 200 OK in 30ms (Views: 27.7ms | ActiveRecord: 0.4ms)


Started PATCH "/articles/1" for 127.0.0.1 at 2018-11-27 16:48:45 +0530
Processing by ArticlesController#update as HTML
  Parameters: {"utf8"=>"✓", "authenticity_token"=>"cTQhXGeyOkkGIQ6EiKe1aQ2qzGd6RnecANXuoaosC33dg+xQe9l1kzVyOKJON70bVy0UdW0w9RKfntUzGkZUaA==", "article"=>{"title"=>"sai", "authorname"=>"", "story"=>""}, "commit"=>"Update Article", "id"=>"1"}
  [1m[36mArticle Load (0.4ms)[0m  [1m[34mSELECT  `articles`.* FROM `articles` WHERE `articles`.`id` = 1 LIMIT 1[0m
  ↳ app/controllers/articles_controller.rb:30
Unpermitted parameters: :authorname, :story
  [1m[35m (0.2ms)[0m  [1m[35mBEGIN[0m
  ↳ app/controllers/articles_controller.rb:32
  [1m[35m (0.3ms)[0m  [1m[31mROLLBACK[0m
  ↳ app/controllers/articles_controller.rb:32
  Rendering articles/edit.html.erb within layouts/application
  Rendered articles/_form.html.erb (6.7ms)
  Rendered articles/edit.html.erb within layouts/application (8.9ms)
Completed 200 OK in 43ms (Views: 36.2ms | ActiveRecord: 0.9ms)


Started PATCH "/articles/1" for 127.0.0.1 at 2018-11-27 16:48:51 +0530
Processing by ArticlesController#update as HTML
  Parameters: {"utf8"=>"✓", "authenticity_token"=>"TVw8Pxh3s2YH+zl3ly7tBVutrCg0NqDnQ087J815ofrh6/EzBBz8vDSoD1FRvuV3ASp0OiNAImncBAC1fRP+7w==", "article"=>{"title"=>"saisiva", "authorname"=>"", "story"=>""}, "commit"=>"Update Article", "id"=>"1"}
  [1m[36mArticle Load (0.7ms)[0m  [1m[34mSELECT  `articles`.* FROM `articles` WHERE `articles`.`id` = 1 LIMIT 1[0m
  ↳ app/controllers/articles_controller.rb:30
Unpermitted parameters: :authorname, :story
  [1m[35m (0.9ms)[0m  [1m[35mBEGIN[0m
  ↳ app/controllers/articles_controller.rb:32
  [1m[36mArticle Update (79.9ms)[0m  [1m[33mUPDATE `articles` SET `title` = 'saisiva', `updated_at` = '2018-11-27 11:18:51' WHERE `articles`.`id` = 1[0m
  ↳ app/controllers/articles_controller.rb:32
  [1m[35m (58.2ms)[0m  [1m[35mCOMMIT[0m
  ↳ app/controllers/articles_controller.rb:32
Redirected to http://localhost:3000/articles/1
Completed 302 Found in 147ms (ActiveRecord: 139.7ms)


Started GET "/articles/1" for 127.0.0.1 at 2018-11-27 16:48:52 +0530
Processing by ArticlesController#show as HTML
  Parameters: {"id"=>"1"}
  [1m[36mArticle Load (0.3ms)[0m  [1m[34mSELECT  `articles`.* FROM `articles` WHERE `articles`.`id` = 1 LIMIT 1[0m
  ↳ app/controllers/articles_controller.rb:8
  Rendering articles/show.html.erb within layouts/application
  Rendered articles/show.html.erb within layouts/application (0.8ms)
Completed 200 OK in 28ms (Views: 25.4ms | ActiveRecord: 0.3ms)


Started GET "/articles/1" for 127.0.0.1 at 2018-11-27 16:48:53 +0530
Processing by ArticlesController#show as HTML
  Parameters: {"id"=>"1"}
  [1m[36mArticle Load (0.5ms)[0m  [1m[34mSELECT  `articles`.* FROM `articles` WHERE `articles`.`id` = 1 LIMIT 1[0m
  ↳ app/controllers/articles_controller.rb:8
  Rendering articles/show.html.erb within layouts/application
  Rendered articles/show.html.erb within layouts/application (2.4ms)
Completed 200 OK in 37ms (Views: 33.8ms | ActiveRecord: 0.5ms)


Started GET "/" for 127.0.0.1 at 2018-11-27 16:49:39 +0530
Processing by ArticlesController#index as HTML
  Rendering articles/index.html.erb within layouts/application
  [1m[36mArticle Load (0.4ms)[0m  [1m[34mSELECT `articles`.* FROM `articles`[0m
  ↳ app/views/articles/index.html.erb:10
  Rendered articles/index.html.erb within layouts/application (4.2ms)
Completed 200 OK in 32ms (Views: 29.9ms | ActiveRecord: 0.4ms)


Started DELETE "/articles/1" for 127.0.0.1 at 2018-11-27 16:49:42 +0530
Processing by ArticlesController#destroy as HTML
  Parameters: {"authenticity_token"=>"ZM5m2JipR9l1Kk8VXcfLI7wP0mCEWa0UPIDxkMNiV+LIeavUhMIIA0Z5eTObV8NR5ogKcpMvL5qjy8oCcwgI9w==", "id"=>"1"}
  [1m[36mArticle Load (0.3ms)[0m  [1m[34mSELECT  `articles`.* FROM `articles` WHERE `articles`.`id` = 1 LIMIT 1[0m
  ↳ app/controllers/articles_controller.rb:40
  [1m[35m (0.1ms)[0m  [1m[35mBEGIN[0m
  ↳ app/controllers/articles_controller.rb:41
  [1m[36mArticle Destroy (57.2ms)[0m  [1m[31mDELETE FROM `articles` WHERE `articles`.`id` = 1[0m
  ↳ app/controllers/articles_controller.rb:41
  [1m[35m (45.8ms)[0m  [1m[35mCOMMIT[0m
  ↳ app/controllers/articles_controller.rb:41
Redirected to http://localhost:3000/articles
Completed 302 Found in 108ms (ActiveRecord: 103.5ms)


Started GET "/articles" for 127.0.0.1 at 2018-11-27 16:49:42 +0530
Processing by ArticlesController#index as HTML
  Rendering articles/index.html.erb within layouts/application
  [1m[36mArticle Load (0.4ms)[0m  [1m[34mSELECT `articles`.* FROM `articles`[0m
  ↳ app/views/articles/index.html.erb:10
  Rendered articles/index.html.erb within layouts/application (2.5ms)
Completed 200 OK in 27ms (Views: 24.4ms | ActiveRecord: 0.4ms)


Started DELETE "/articles/2" for 127.0.0.1 at 2018-11-27 16:49:45 +0530
Processing by ArticlesController#destroy as HTML
  Parameters: {"authenticity_token"=>"gpQq1d9GZqiGYtHXms4mpZsjdA0e2Am/kRvSCTWWQSAuI+fZwy0pcrUx5/FcXi7XwaSsHwmuizEOUOmbhfweNQ==", "id"=>"2"}
  [1m[36mArticle Load (0.5ms)[0m  [1m[34mSELECT  `articles`.* FROM `articles` WHERE `articles`.`id` = 2 LIMIT 1[0m
  ↳ app/controllers/articles_controller.rb:40
  [1m[35m (0.2ms)[0m  [1m[35mBEGIN[0m
  ↳ app/controllers/articles_controller.rb:41
  [1m[36mArticle Destroy (0.5ms)[0m  [1m[31mDELETE FROM `articles` WHERE `articles`.`id` = 2[0m
  ↳ app/controllers/articles_controller.rb:41
  [1m[35m (137.7ms)[0m  [1m[35mCOMMIT[0m
  ↳ app/controllers/articles_controller.rb:41
Redirected to http://localhost:3000/articles
Completed 302 Found in 144ms (ActiveRecord: 139.0ms)


Started GET "/articles" for 127.0.0.1 at 2018-11-27 16:49:45 +0530
Processing by ArticlesController#index as HTML
  Rendering articles/index.html.erb within layouts/application
  [1m[36mArticle Load (0.3ms)[0m  [1m[34mSELECT `articles`.* FROM `articles`[0m
  ↳ app/views/articles/index.html.erb:10
  Rendered articles/index.html.erb within layouts/application (2.2ms)
Completed 200 OK in 34ms (Views: 32.7ms | ActiveRecord: 0.3ms)


Started GET "/articles/new" for 127.0.0.1 at 2018-11-27 16:50:00 +0530
Processing by ArticlesController#new as HTML
  Rendering articles/new.html.erb within layouts/application
  Rendered articles/_form.html.erb (4.3ms)
  Rendered articles/new.html.erb within layouts/application (6.4ms)
Completed 200 OK in 37ms (Views: 35.4ms | ActiveRecord: 0.0ms)


Started POST "/articles" for 127.0.0.1 at 2018-11-27 16:50:09 +0530
Processing by ArticlesController#create as HTML
  Parameters: {"utf8"=>"✓", "authenticity_token"=>"S0j6HzTbvAPpelbw9tPSvYL3aH6MntboBARZWqNwR3IYorOBwcJR+wREBUVGGH4YWhjIdoTobLMdCKScGs2ETQ==", "article"=>{"title"=>"saisiva", "authorname"=>"sai", "story"=>"dddddddddddddddddddddddddddddddddddddddddddddddddddddddddddd"}, "commit"=>"Create Article"}
Unpermitted parameters: :authorname, :story
  [1m[35m (0.3ms)[0m  [1m[35mBEGIN[0m
  ↳ app/controllers/articles_controller.rb:22
  [1m[36mArticle Create (2.0ms)[0m  [1m[32mINSERT INTO `articles` (`title`, `created_at`, `updated_at`) VALUES ('saisiva', '2018-11-27 11:20:09', '2018-11-27 11:20:09')[0m
  ↳ app/controllers/articles_controller.rb:22
  [1m[35m (60.0ms)[0m  [1m[35mCOMMIT[0m
  ↳ app/controllers/articles_controller.rb:22
Redirected to http://localhost:3000/articles/3
Completed 302 Found in 71ms (ActiveRecord: 62.3ms)


Started GET "/articles/3" for 127.0.0.1 at 2018-11-27 16:50:09 +0530
Processing by ArticlesController#show as HTML
  Parameters: {"id"=>"3"}
  [1m[36mArticle Load (0.3ms)[0m  [1m[34mSELECT  `articles`.* FROM `articles` WHERE `articles`.`id` = 3 LIMIT 1[0m
  ↳ app/controllers/articles_controller.rb:8
  Rendering articles/show.html.erb within layouts/application
  Rendered articles/show.html.erb within layouts/application (0.7ms)
Completed 200 OK in 37ms (Views: 34.5ms | ActiveRecord: 0.3ms)


Started GET "/articles/3" for 127.0.0.1 at 2018-11-27 16:50:11 +0530
Processing by ArticlesController#show as HTML
  Parameters: {"id"=>"3"}
  [1m[36mArticle Load (0.6ms)[0m  [1m[34mSELECT  `articles`.* FROM `articles` WHERE `articles`.`id` = 3 LIMIT 1[0m
  ↳ app/controllers/articles_controller.rb:8
  Rendering articles/show.html.erb within layouts/application
  Rendered articles/show.html.erb within layouts/application (1.1ms)
Completed 200 OK in 35ms (Views: 31.6ms | ActiveRecord: 0.6ms)


Started GET "/" for 10.90.90.97 at 2018-11-27 16:52:58 +0530
Cannot render console from 10.90.90.97! Allowed networks: 127.0.0.1, ::1, 127.0.0.0/127.255.255.255
Processing by ArticlesController#index as HTML
  Rendering articles/index.html.erb within layouts/application
  [1m[36mArticle Load (0.5ms)[0m  [1m[34mSELECT `articles`.* FROM `articles`[0m
  ↳ app/views/articles/index.html.erb:10
  Rendered articles/index.html.erb within layouts/application (3.7ms)
Completed 200 OK in 28ms (Views: 25.8ms | ActiveRecord: 0.5ms)


Started GET "/" for 127.0.0.1 at 2018-11-27 16:53:03 +0530
Processing by ArticlesController#index as HTML
  Rendering articles/index.html.erb within layouts/application
  [1m[36mArticle Load (1.2ms)[0m  [1m[34mSELECT `articles`.* FROM `articles`[0m
  ↳ app/views/articles/index.html.erb:10
  Rendered articles/index.html.erb within layouts/application (3.9ms)
Completed 200 OK in 38ms (Views: 34.9ms | ActiveRecord: 1.2ms)


Started GET "/" for 127.0.0.1 at 2018-11-27 16:55:16 +0530
Processing by ArticlesController#index as HTML
  Rendering articles/index.html.erb within layouts/application
  [1m[36mArticle Load (0.3ms)[0m  [1m[34mSELECT `articles`.* FROM `articles`[0m
  ↳ app/views/articles/index.html.erb:10
  Rendered articles/index.html.erb within layouts/application (11.6ms)
Completed 200 OK in 41ms (Views: 36.1ms | ActiveRecord: 1.4ms)


Started GET "/" for 127.0.0.1 at 2018-11-27 16:55:18 +0530
Processing by ArticlesController#index as HTML
  Rendering articles/index.html.erb within layouts/application
  [1m[36mArticle Load (1.6ms)[0m  [1m[34mSELECT `articles`.* FROM `articles`[0m
  ↳ app/views/articles/index.html.erb:10
  Rendered articles/index.html.erb within layouts/application (5.0ms)
Completed 200 OK in 35ms (Views: 31.7ms | ActiveRecord: 1.6ms)


Started GET "/articles/new" for 127.0.0.1 at 2018-11-27 16:55:21 +0530
Processing by ArticlesController#new as HTML
  Rendering articles/new.html.erb within layouts/application
  Rendered articles/_form.html.erb (3.5ms)
  Rendered articles/new.html.erb within layouts/application (5.1ms)
Completed 200 OK in 39ms (Views: 37.0ms | ActiveRecord: 0.0ms)


Started POST "/articles" for 127.0.0.1 at 2018-11-27 16:55:29 +0530
Processing by ArticlesController#create as HTML
  Parameters: {"utf8"=>"✓", "authenticity_token"=>"I6nkw0cjXfbqQeBdNCOXYdPIbKz1qKYRbLvh/NbrHrFwQ61dsjqwDgd/s+iE6DvECyfMpP3eHEp1txw6b1bdjg==", "article"=>{"title"=>"saisiva", "authorname"=>"sai", "story"=>"sasasasasas"}, "commit"=>"Create Article"}
Unpermitted parameter: :authorname
  [1m[35m (0.2ms)[0m  [1m[35mBEGIN[0m
  ↳ app/controllers/articles_controller.rb:22
  [1m[36mArticle Create (0.4ms)[0m  [1m[32mINSERT INTO `articles` (`title`, `story`, `created_at`, `updated_at`) VALUES ('saisiva', 'sasasasasas', '2018-11-27 11:25:29', '2018-11-27 11:25:29')[0m
  ↳ app/controllers/articles_controller.rb:22
  [1m[35m (167.6ms)[0m  [1m[35mCOMMIT[0m
  ↳ app/controllers/articles_controller.rb:22
Redirected to http://localhost:3000/articles/4
Completed 302 Found in 173ms (ActiveRecord: 168.2ms)


Started GET "/articles/4" for 127.0.0.1 at 2018-11-27 16:55:29 +0530
Processing by ArticlesController#show as HTML
  Parameters: {"id"=>"4"}
  [1m[36mArticle Load (0.4ms)[0m  [1m[34mSELECT  `articles`.* FROM `articles` WHERE `articles`.`id` = 4 LIMIT 1[0m
  ↳ app/controllers/articles_controller.rb:8
  Rendering articles/show.html.erb within layouts/application
  Rendered articles/show.html.erb within layouts/application (1.0ms)
Completed 200 OK in 31ms (Views: 28.0ms | ActiveRecord: 0.4ms)


Started GET "/articles/4" for 127.0.0.1 at 2018-11-27 16:55:59 +0530
Processing by ArticlesController#show as HTML
  Parameters: {"id"=>"4"}
  [1m[36mArticle Load (0.2ms)[0m  [1m[34mSELECT  `articles`.* FROM `articles` WHERE `articles`.`id` = 4 LIMIT 1[0m
  ↳ app/controllers/articles_controller.rb:8
  Rendering articles/show.html.erb within layouts/application
  Rendered articles/show.html.erb within layouts/application (2.0ms)
Completed 200 OK in 48ms (Views: 30.3ms | ActiveRecord: 3.0ms)


Started POST "/articles" for 127.0.0.1 at 2018-11-27 16:56:03 +0530
Processing by ArticlesController#create as HTML
  Parameters: {"utf8"=>"✓", "authenticity_token"=>"J3pWzqkCWj4nHKQeB+ubmUpl7osIaK7uLN/ojxepjP2LzZvCtWkV5BRPkjjBe5PrEOI2mR8eLGCzlNMdp8PT6A==", "article"=>{"title"=>"saisiva", "authorname"=>"sai", "story"=>"sasasasasas"}, "commit"=>"Create Article"}
  [1m[35m (0.3ms)[0m  [1m[35mBEGIN[0m
  ↳ app/controllers/articles_controller.rb:22
  [1m[36mArticle Create (0.4ms)[0m  [1m[32mINSERT INTO `articles` (`authorname`, `title`, `story`, `created_at`, `updated_at`) VALUES ('sai', 'saisiva', 'sasasasasas', '2018-11-27 11:26:03', '2018-11-27 11:26:03')[0m
  ↳ app/controllers/articles_controller.rb:22
  [1m[35m (81.8ms)[0m  [1m[35mCOMMIT[0m
  ↳ app/controllers/articles_controller.rb:22
Redirected to http://localhost:3000/articles/5
Completed 302 Found in 88ms (ActiveRecord: 82.4ms)


Started GET "/articles/5" for 127.0.0.1 at 2018-11-27 16:56:03 +0530
Processing by ArticlesController#show as HTML
  Parameters: {"id"=>"5"}
  [1m[36mArticle Load (0.3ms)[0m  [1m[34mSELECT  `articles`.* FROM `articles` WHERE `articles`.`id` = 5 LIMIT 1[0m
  ↳ app/controllers/articles_controller.rb:8
  Rendering articles/show.html.erb within layouts/application
  Rendered articles/show.html.erb within layouts/application (0.9ms)
Completed 200 OK in 30ms (Views: 27.0ms | ActiveRecord: 0.3ms)


Started GET "/articles/5" for 127.0.0.1 at 2018-11-27 16:56:47 +0530
Processing by ArticlesController#show as HTML
  Parameters: {"id"=>"5"}
  [1m[36mArticle Load (0.4ms)[0m  [1m[34mSELECT  `articles`.* FROM `articles` WHERE `articles`.`id` = 5 LIMIT 1[0m
  ↳ app/controllers/articles_controller.rb:8
Completed 404 Not Found in 3ms (ActiveRecord: 0.4ms)


  
ActiveRecord::RecordNotFound (Couldn't find Article with 'id'=5):
  
app/controllers/articles_controller.rb:8:in `show'
Started GET "/articles/1" for 127.0.0.1 at 2018-11-27 16:56:55 +0530
Processing by ArticlesController#show as HTML
  Parameters: {"id"=>"1"}
  [1m[36mArticle Load (0.6ms)[0m  [1m[34mSELECT  `articles`.* FROM `articles` WHERE `articles`.`id` = 1 LIMIT 1[0m
  ↳ app/controllers/articles_controller.rb:8
  Rendering articles/show.html.erb within layouts/application
  Rendered articles/show.html.erb within layouts/application (1.0ms)
Completed 200 OK in 38ms (Views: 34.2ms | ActiveRecord: 0.6ms)


Started GET "/" for 127.0.0.1 at 2018-11-27 16:56:58 +0530
Processing by ArticlesController#index as HTML
  Rendering articles/index.html.erb within layouts/application
  [1m[36mArticle Load (0.3ms)[0m  [1m[34mSELECT `articles`.* FROM `articles`[0m
  ↳ app/views/articles/index.html.erb:10
  Rendered articles/index.html.erb within layouts/application (2.5ms)
Completed 200 OK in 33ms (Views: 30.7ms | ActiveRecord: 0.3ms)


Started GET "/articles" for 127.0.0.1 at 2018-11-27 16:56:59 +0530
Processing by ArticlesController#index as HTML
  Rendering articles/index.html.erb within layouts/application
  [1m[36mArticle Load (0.6ms)[0m  [1m[34mSELECT `articles`.* FROM `articles`[0m
  ↳ app/views/articles/index.html.erb:10
  Rendered articles/index.html.erb within layouts/application (4.3ms)
Completed 200 OK in 33ms (Views: 30.5ms | ActiveRecord: 0.6ms)


Started GET "/" for 10.90.90.97 at 2018-11-27 16:57:56 +0530
Cannot render console from 10.90.90.97! Allowed networks: 127.0.0.1, ::1, 127.0.0.0/127.255.255.255
Processing by ArticlesController#index as HTML
  Rendering articles/index.html.erb within layouts/application
  [1m[36mArticle Load (0.7ms)[0m  [1m[34mSELECT `articles`.* FROM `articles`[0m
  ↳ app/views/articles/index.html.erb:10
  Rendered articles/index.html.erb within layouts/application (4.9ms)
Completed 200 OK in 29ms (Views: 26.6ms | ActiveRecord: 0.7ms)


Started GET "/articles/new" for 10.90.90.97 at 2018-11-27 16:58:01 +0530
Cannot render console from 10.90.90.97! Allowed networks: 127.0.0.1, ::1, 127.0.0.0/127.255.255.255
Processing by ArticlesController#new as HTML
  Rendering articles/new.html.erb within layouts/application
  Rendered articles/_form.html.erb (2.5ms)
  Rendered articles/new.html.erb within layouts/application (3.8ms)
Completed 200 OK in 28ms (Views: 27.1ms | ActiveRecord: 0.0ms)


Started GET "/" for 127.0.0.1 at 2018-11-27 16:58:04 +0530
Processing by ArticlesController#index as HTML
  Rendering articles/index.html.erb within layouts/application
  [1m[36mArticle Load (0.3ms)[0m  [1m[34mSELECT `articles`.* FROM `articles`[0m
  ↳ app/views/articles/index.html.erb:11
  Rendered articles/index.html.erb within layouts/application (2.4ms)
Completed 200 OK in 28ms (Views: 26.9ms | ActiveRecord: 0.3ms)


Started GET "/articles/new" for 127.0.0.1 at 2018-11-27 16:58:14 +0530
Processing by ArticlesController#new as HTML
  Rendering articles/new.html.erb within layouts/application
  Rendered articles/_form.html.erb (3.9ms)
  Rendered articles/new.html.erb within layouts/application (5.4ms)
Completed 200 OK in 31ms (Views: 29.5ms | ActiveRecord: 0.0ms)


Started POST "/articles" for 127.0.0.1 at 2018-11-27 16:58:39 +0530
Processing by ArticlesController#create as HTML
  Parameters: {"utf8"=>"✓", "authenticity_token"=>"O6KH3vmgR3OqSBSwUDIq25/OEgFSJgMo/yOIzW2i86hoSM5ADLmqi0d2RwXg+YZ+RyGyCVpQuXPmL3UL1B8wlw==", "article"=>{"title"=>"saisiva", "authorname"=>"siva", "story"=>"cricket is the game"}, "commit"=>"Create Article"}
  [1m[35m (0.4ms)[0m  [1m[35mBEGIN[0m
  ↳ app/controllers/articles_controller.rb:22
  [1m[36mArticle Create (0.4ms)[0m  [1m[32mINSERT INTO `articles` (`authorname`, `title`, `story`, `created_at`, `updated_at`) VALUES ('siva', 'saisiva', 'cricket is the game', '2018-11-27 11:28:39', '2018-11-27 11:28:39')[0m
  ↳ app/controllers/articles_controller.rb:22
  [1m[35m (131.9ms)[0m  [1m[35mCOMMIT[0m
  ↳ app/controllers/articles_controller.rb:22
Redirected to http://localhost:3000/articles/6
Completed 302 Found in 138ms (ActiveRecord: 132.8ms)


Started GET "/articles/6" for 127.0.0.1 at 2018-11-27 16:58:40 +0530
Processing by ArticlesController#show as HTML
  Parameters: {"id"=>"6"}
  [1m[36mArticle Load (0.3ms)[0m  [1m[34mSELECT  `articles`.* FROM `articles` WHERE `articles`.`id` = 6 LIMIT 1[0m
  ↳ app/controllers/articles_controller.rb:8
  Rendering articles/show.html.erb within layouts/application
  Rendered articles/show.html.erb within layouts/application (0.7ms)
Completed 200 OK in 30ms (Views: 27.3ms | ActiveRecord: 0.3ms)


Started GET "/articles/6" for 127.0.0.1 at 2018-11-27 16:59:26 +0530
Processing by ArticlesController#show as HTML
  Parameters: {"id"=>"6"}
  [1m[36mArticle Load (0.4ms)[0m  [1m[34mSELECT  `articles`.* FROM `articles` WHERE `articles`.`id` = 6 LIMIT 1[0m
  ↳ app/controllers/articles_controller.rb:8
  Rendering articles/show.html.erb within layouts/application
  Rendered articles/show.html.erb within layouts/application (0.8ms)
Completed 200 OK in 33ms (Views: 29.6ms | ActiveRecord: 0.4ms)


Started GET "/articles/6/edit" for 127.0.0.1 at 2018-11-27 16:59:29 +0530
Processing by ArticlesController#edit as HTML
  Parameters: {"id"=>"6"}
  [1m[36mArticle Load (0.4ms)[0m  [1m[34mSELECT  `articles`.* FROM `articles` WHERE `articles`.`id` = 6 LIMIT 1[0m
  ↳ app/controllers/articles_controller.rb:16
  Rendering articles/edit.html.erb within layouts/application
  Rendered articles/_form.html.erb (2.9ms)
  Rendered articles/edit.html.erb within layouts/application (4.3ms)
Completed 200 OK in 46ms (Views: 43.1ms | ActiveRecord: 0.4ms)


Started GET "/articles" for 127.0.0.1 at 2018-11-27 17:00:23 +0530
Processing by ArticlesController#index as HTML
  Rendering articles/index.html.erb within layouts/application
  [1m[36mArticle Load (0.4ms)[0m  [1m[34mSELECT `articles`.* FROM `articles`[0m
  ↳ app/views/articles/index.html.erb:11
  Rendered articles/index.html.erb within layouts/application (3.9ms)
Completed 200 OK in 34ms (Views: 32.0ms | ActiveRecord: 0.4ms)


Started GET "/articles/6/edit" for 127.0.0.1 at 2018-11-27 17:00:28 +0530
Processing by ArticlesController#edit as HTML
  Parameters: {"id"=>"6"}
  [1m[36mArticle Load (0.6ms)[0m  [1m[34mSELECT  `articles`.* FROM `articles` WHERE `articles`.`id` = 6 LIMIT 1[0m
  ↳ app/controllers/articles_controller.rb:16
  Rendering articles/edit.html.erb within layouts/application
  Rendered articles/_form.html.erb (3.6ms)
  Rendered articles/edit.html.erb within layouts/application (5.7ms)
Completed 200 OK in 37ms (Views: 32.8ms | ActiveRecord: 0.6ms)


Started PATCH "/articles/6" for 127.0.0.1 at 2018-11-27 17:00:47 +0530
Processing by ArticlesController#update as HTML
  Parameters: {"utf8"=>"✓", "authenticity_token"=>"2FlSXMci9bpNMM3pEBWo07M66oFShshTNlUx2VN71EUS/xI5p2DkcfzAPjtRDMIdhy8p2LGFq1bFTyA/o2PL8g==", "article"=>{"title"=>"saisiva", "authorname"=>"siva", "story"=>"cricket is the game.Sachin is God of cricket"}, "commit"=>"Update Article", "id"=>"6"}
  [1m[36mArticle Load (0.5ms)[0m  [1m[34mSELECT  `articles`.* FROM `articles` WHERE `articles`.`id` = 6 LIMIT 1[0m
  ↳ app/controllers/articles_controller.rb:30
  [1m[35m (0.2ms)[0m  [1m[35mBEGIN[0m
  ↳ app/controllers/articles_controller.rb:32
  [1m[36mArticle Update (0.6ms)[0m  [1m[33mUPDATE `articles` SET `story` = 'cricket is the game.Sachin is God of cricket', `updated_at` = '2018-11-27 11:30:47' WHERE `articles`.`id` = 6[0m
  ↳ app/controllers/articles_controller.rb:32
  [1m[35m (92.1ms)[0m  [1m[35mCOMMIT[0m
  ↳ app/controllers/articles_controller.rb:32
Redirected to http://localhost:3000/articles/6
Completed 302 Found in 100ms (ActiveRecord: 93.4ms)


Started GET "/articles/6" for 127.0.0.1 at 2018-11-27 17:00:48 +0530
Processing by ArticlesController#show as HTML
  Parameters: {"id"=>"6"}
  [1m[36mArticle Load (0.3ms)[0m  [1m[34mSELECT  `articles`.* FROM `articles` WHERE `articles`.`id` = 6 LIMIT 1[0m
  ↳ app/controllers/articles_controller.rb:8
  Rendering articles/show.html.erb within layouts/application
  Rendered articles/show.html.erb within layouts/application (0.8ms)
Completed 200 OK in 30ms (Views: 27.5ms | ActiveRecord: 0.3ms)


Started GET "/articles" for 127.0.0.1 at 2018-11-27 17:00:51 +0530
Processing by ArticlesController#index as HTML
  Rendering articles/index.html.erb within layouts/application
  [1m[36mArticle Load (0.6ms)[0m  [1m[34mSELECT `articles`.* FROM `articles`[0m
  ↳ app/views/articles/index.html.erb:11
  Rendered articles/index.html.erb within layouts/application (4.6ms)
Completed 200 OK in 32ms (Views: 30.2ms | ActiveRecord: 0.6ms)


Started GET "/articles" for 127.0.0.1 at 2018-11-27 17:00:53 +0530
Processing by ArticlesController#index as HTML
  Rendering articles/index.html.erb within layouts/application
  [1m[36mArticle Load (0.3ms)[0m  [1m[34mSELECT `articles`.* FROM `articles`[0m
  ↳ app/views/articles/index.html.erb:11
  Rendered articles/index.html.erb within layouts/application (3.0ms)
Completed 200 OK in 36ms (Views: 34.4ms | ActiveRecord: 0.3ms)


Started GET "/articles" for 127.0.0.1 at 2018-11-27 17:18:06 +0530
  [1m[35m (0.3ms)[0m  [1m[35mSET NAMES utf8,  @@SESSION.sql_mode = CONCAT(CONCAT(@@sql_mode, ',STRICT_ALL_TABLES'), ',NO_AUTO_VALUE_ON_ZERO'),  @@SESSION.sql_auto_is_null = 0, @@SESSION.wait_timeout = 2147483[0m
  ↳ /home/nyros/.rvm/gems/ruby-2.5.1/gems/activerecord-5.2.1/lib/active_record/log_subscriber.rb:98
Processing by ArticlesController#index as HTML
  Rendering articles/index.html.erb within layouts/application
  [1m[36mArticle Load (0.4ms)[0m  [1m[34mSELECT `articles`.* FROM `articles`[0m
  ↳ app/views/articles/index.html.erb:11
  Rendered articles/index.html.erb within layouts/application (3.7ms)
Completed 200 OK in 32ms (Views: 30.1ms | ActiveRecord: 0.4ms)


Started GET "/articles" for 127.0.0.1 at 2018-11-27 17:18:08 +0530
Processing by ArticlesController#index as HTML
  Rendering articles/index.html.erb within layouts/application
  [1m[36mArticle Load (0.7ms)[0m  [1m[34mSELECT `articles`.* FROM `articles`[0m
  ↳ app/views/articles/index.html.erb:11
  Rendered articles/index.html.erb within layouts/application (4.4ms)
Completed 200 OK in 33ms (Views: 30.6ms | ActiveRecord: 0.7ms)


Started GET "/articles" for 127.0.0.1 at 2018-11-27 17:18:09 +0530
Processing by ArticlesController#index as HTML
  Rendering articles/index.html.erb within layouts/application
  [1m[36mArticle Load (0.3ms)[0m  [1m[34mSELECT `articles`.* FROM `articles`[0m
  ↳ app/views/articles/index.html.erb:11
  Rendered articles/index.html.erb within layouts/application (2.7ms)
Completed 200 OK in 28ms (Views: 25.9ms | ActiveRecord: 0.3ms)


Started GET "/articles/new" for 127.0.0.1 at 2018-11-27 17:18:10 +0530
Processing by ArticlesController#new as HTML
  Rendering articles/new.html.erb within layouts/application
  Rendered articles/_form.html.erb (4.3ms)
  Rendered articles/new.html.erb within layouts/application (6.1ms)
Completed 200 OK in 34ms (Views: 32.7ms | ActiveRecord: 0.0ms)


Started POST "/articles" for 127.0.0.1 at 2018-11-27 17:18:19 +0530
Processing by ArticlesController#create as HTML
  Parameters: {"utf8"=>"✓", "authenticity_token"=>"MPU9wIsFhgrYjXce+5j5B0JhJgcxH/45aP9GrEr74S5jH3Refhxr8jWzJKtLU1Wimo6GDzlpRGJx87tq80YiEQ==", "article"=>{"title"=>"sai", "authorname"=>"siva", "story"=>"sssssssssssssssssssssssssssssssssssssssssssssssssssssss"}, "commit"=>"Create Article"}
  [1m[35m (0.1ms)[0m  [1m[35mBEGIN[0m
  ↳ app/controllers/articles_controller.rb:22
  [1m[35m (0.1ms)[0m  [1m[31mROLLBACK[0m
  ↳ app/controllers/articles_controller.rb:22
  Rendering articles/new.html.erb within layouts/application
  Rendered articles/_form.html.erb (3.5ms)
  Rendered articles/new.html.erb within layouts/application (5.8ms)
Completed 200 OK in 41ms (Views: 37.9ms | ActiveRecord: 0.2ms)


Started POST "/articles" for 127.0.0.1 at 2018-11-27 17:18:27 +0530
Processing by ArticlesController#create as HTML
  Parameters: {"utf8"=>"✓", "authenticity_token"=>"oB3G0bOjWlCSHwHrG1lsPnlx5kn2QP5St/Lg5nThvjwMqgvdr8gViqFMN83dyWRMI/Y+W+E2fNwoudt0xIvhKQ==", "article"=>{"title"=>"sainagesh", "authorname"=>"siva", "story"=>"sssssssssssssssssssssssssssssssssssssssssssssssssssssss"}, "commit"=>"Create Article"}
  [1m[35m (0.2ms)[0m  [1m[35mBEGIN[0m
  ↳ app/controllers/articles_controller.rb:22
  [1m[36mArticle Create (0.7ms)[0m  [1m[32mINSERT INTO `articles` (`authorname`, `title`, `story`, `created_at`, `updated_at`) VALUES ('siva', 'sainagesh', 'sssssssssssssssssssssssssssssssssssssssssssssssssssssss', '2018-11-27 11:48:27', '2018-11-27 11:48:27')[0m
  ↳ app/controllers/articles_controller.rb:22
  [1m[35m (209.4ms)[0m  [1m[35mCOMMIT[0m
  ↳ app/controllers/articles_controller.rb:22
Redirected to http://localhost:3000/articles/7
Completed 302 Found in 216ms (ActiveRecord: 210.4ms)


Started GET "/articles/7" for 127.0.0.1 at 2018-11-27 17:18:27 +0530
Processing by ArticlesController#show as HTML
  Parameters: {"id"=>"7"}
  [1m[36mArticle Load (0.3ms)[0m  [1m[34mSELECT  `articles`.* FROM `articles` WHERE `articles`.`id` = 7 LIMIT 1[0m
  ↳ app/controllers/articles_controller.rb:8
  Rendering articles/show.html.erb within layouts/application
  Rendered articles/show.html.erb within layouts/application (0.8ms)
Completed 200 OK in 31ms (Views: 28.9ms | ActiveRecord: 0.3ms)


Started GET "/articles" for 127.0.0.1 at 2018-11-27 17:18:30 +0530
Processing by ArticlesController#index as HTML
  Rendering articles/index.html.erb within layouts/application
  [1m[36mArticle Load (0.4ms)[0m  [1m[34mSELECT `articles`.* FROM `articles`[0m
  ↳ app/views/articles/index.html.erb:11
  Rendered articles/index.html.erb within layouts/application (3.9ms)
Completed 200 OK in 35ms (Views: 33.2ms | ActiveRecord: 0.4ms)


Started GET "/articles" for 127.0.0.1 at 2018-11-27 17:18:31 +0530
Processing by ArticlesController#index as HTML
  Rendering articles/index.html.erb within layouts/application
  [1m[36mArticle Load (0.6ms)[0m  [1m[34mSELECT `articles`.* FROM `articles`[0m
  ↳ app/views/articles/index.html.erb:11
  Rendered articles/index.html.erb within layouts/application (6.0ms)
Completed 200 OK in 47ms (Views: 44.4ms | ActiveRecord: 0.6ms)


Started GET "/articles/7" for 127.0.0.1 at 2018-11-27 17:18:34 +0530
Processing by ArticlesController#show as HTML
  Parameters: {"id"=>"7"}
  [1m[36mArticle Load (0.4ms)[0m  [1m[34mSELECT  `articles`.* FROM `articles` WHERE `articles`.`id` = 7 LIMIT 1[0m
  ↳ app/controllers/articles_controller.rb:8
  Rendering articles/show.html.erb within layouts/application
  Rendered articles/show.html.erb within layouts/application (1.0ms)
Completed 200 OK in 31ms (Views: 27.5ms | ActiveRecord: 0.4ms)


